g:\popcap_framework_v1.3\osframework\source\demos\demo5\debug\vc140.pdb
g:\popcap_framework_v1.3\osframework\source\demos\demo5\debug\vc140.idb
g:\popcap_framework_v1.3\osframework\source\demos\demo5\debug\res.sbr
g:\popcap_framework_v1.3\osframework\source\demos\demo5\debug\board.sbr
g:\popcap_framework_v1.3\osframework\source\demos\demo5\debug\demodialog.sbr
g:\popcap_framework_v1.3\osframework\source\demos\demo5\debug\gameapp.sbr
g:\popcap_framework_v1.3\osframework\source\demos\demo5\debug\main.sbr
g:\popcap_framework_v1.3\osframework\source\demos\demo5\debug\titlescreen.sbr
g:\popcap_framework_v1.3\osframework\source\demos\demo5\debug\titlescreen.obj
g:\popcap_framework_v1.3\osframework\source\demos\demo5\debug\main.obj
g:\popcap_framework_v1.3\osframework\source\demos\demo5\debug\gameapp.obj
g:\popcap_framework_v1.3\osframework\source\demos\demo5\debug\demodialog.obj
g:\popcap_framework_v1.3\osframework\source\demos\demo5\debug\board.obj
g:\popcap_framework_v1.3\osframework\source\demos\demo5\debug\res.obj
d:\gameframework\popcap_framework_v1.3\osframework\source\demos\demo5\debug\board.obj
d:\gameframework\popcap_framework_v1.3\osframework\source\demos\demo5\debug\demodialog.obj
d:\gameframework\popcap_framework_v1.3\osframework\source\demos\demo5\debug\gameapp.obj
d:\gameframework\popcap_framework_v1.3\osframework\source\demos\demo5\debug\main.obj
d:\gameframework\popcap_framework_v1.3\osframework\source\demos\demo5\debug\res.obj
d:\gameframework\popcap_framework_v1.3\osframework\source\demos\demo5\debug\titlescreen.obj
d:\gameframework\popcap_framework_v1.3\osframework\source\demos\demo5\debug\vc140.idb
d:\gameframework\popcap_framework_v1.3\osframework\source\demos\demo5\debug\demo5.pdb
d:\gameframework\popcap_framework_v1.3\osframework\source\demos\demo5\debug\vc140.pdb
d:\gameframework\popcap_framework_v1.3\osframework\source\demos\demo5\debug\board.sbr
d:\gameframework\popcap_framework_v1.3\osframework\source\demos\demo5\debug\demodialog.sbr
d:\gameframework\popcap_framework_v1.3\osframework\source\demos\demo5\debug\gameapp.sbr
d:\gameframework\popcap_framework_v1.3\osframework\source\demos\demo5\debug\main.sbr
d:\gameframework\popcap_framework_v1.3\osframework\source\demos\demo5\debug\res.sbr
d:\gameframework\popcap_framework_v1.3\osframework\source\demos\demo5\debug\titlescreen.sbr
d:\gameframework\popcap_framework_v1.3\osframework\source\demos\demo5\debug\demo5.tlog\cl.command.1.tlog
d:\gameframework\popcap_framework_v1.3\osframework\source\demos\demo5\debug\demo5.tlog\cl.read.1.tlog
d:\gameframework\popcap_framework_v1.3\osframework\source\demos\demo5\debug\demo5.tlog\cl.write.1.tlog
d:\gameframework\popcap_framework_v1.3\osframework\source\demos\demo5\debug\demo5.tlog\link-cvtres.read.1.tlog
d:\gameframework\popcap_framework_v1.3\osframework\source\demos\demo5\debug\demo5.tlog\link-cvtres.write.1.tlog
d:\gameframework\popcap_framework_v1.3\osframework\source\demos\demo5\debug\demo5.tlog\link-rc.read.1.tlog
d:\gameframework\popcap_framework_v1.3\osframework\source\demos\demo5\debug\demo5.tlog\link-rc.write.1.tlog
d:\gameframework\popcap_framework_v1.3\osframework\source\demos\demo5\debug\demo5.tlog\link.command.1.tlog
d:\gameframework\popcap_framework_v1.3\osframework\source\demos\demo5\debug\demo5.tlog\link.read.1.tlog
d:\gameframework\popcap_framework_v1.3\osframework\source\demos\demo5\debug\demo5.tlog\link.write.1.tlog
