  Res.cpp
  Board.cpp
d:\gameframework\popcap_framework_v1.3\osframework\source\sexyappframework\keycodes.h(102): warning C4091: “typedef ”: 没有声明变量时忽略“Sexy::KeyCode”的左侧
  GameApp.cpp
d:\gameframework\popcap_framework_v1.3\osframework\source\sexyappframework\keycodes.h(102): warning C4091: “typedef ”: 没有声明变量时忽略“Sexy::KeyCode”的左侧
  GameOverEffect.cpp
d:\gameframework\popcap_framework_v1.3\osframework\source\sexyappframework\keycodes.h(102): warning C4091: “typedef ”: 没有声明变量时忽略“Sexy::KeyCode”的左侧
  LevelupEffect.cpp
d:\gameframework\popcap_framework_v1.3\osframework\source\sexyappframework\keycodes.h(102): warning C4091: “typedef ”: 没有声明变量时忽略“Sexy::KeyCode”的左侧
  main.cpp
  OptionsDialog.cpp
d:\gameframework\popcap_framework_v1.3\osframework\source\sexyappframework\keycodes.h(102): warning C4091: “typedef ”: 没有声明变量时忽略“Sexy::KeyCode”的左侧
  TitleScreen.cpp
d:\gameframework\popcap_framework_v1.3\osframework\source\sexyappframework\keycodes.h(102): warning C4091: “typedef ”: 没有声明变量时忽略“Sexy::KeyCode”的左侧
  正在生成代码...
C:\Program Files (x86)\Microsoft Visual Studio\2017\Professional\Common7\IDE\VC\VCTargets\Microsoft.CppBuild.targets(1216,5): warning MSB8012: TargetPath(D:\GameFramework\PopCap_Framework_v1.3\osframework\source\demos\Hun-garr\Debug\Hun-garr.exe) 与 Linker 的 OutputFile 属性值(D:\GameFramework\PopCap_Framework_v1.3\osframework\source\demos\Hun-garr.exe)不匹配。这可能导致项目生成不正确。若要更正此问题，请确保 $(OutDir)、$(TargetName) 和 $(TargetExt) 属性值与 %(Link.OutputFile) 中指定的值匹配。
Res.obj : error LNK2019: 无法解析的外部符号 "public: __thiscall Sexy::SharedImageRef::~SharedImageRef(void)" (??1SharedImageRef@Sexy@@QAE@XZ)，该符号在函数 "class Sexy::Image * __cdecl Sexy::LoadImageById(class Sexy::ResourceManager *,int)" (?LoadImageById@Sexy@@YAPAVImage@1@PAVResourceManager@1@H@Z) 中被引用
Res.obj : error LNK2019: 无法解析的外部符号 "public: __thiscall Sexy::SharedImageRef::operator class Sexy::Image *(void)" (??BSharedImageRef@Sexy@@QAEPAVImage@1@XZ)，该符号在函数 "class Sexy::Image * __cdecl Sexy::LoadImageById(class Sexy::ResourceManager *,int)" (?LoadImageById@Sexy@@YAPAVImage@1@PAVResourceManager@1@H@Z) 中被引用
Res.obj : error LNK2019: 无法解析的外部符号 "public: class Sexy::SharedImageRef __thiscall Sexy::ResourceManager::LoadImageA(class std::basic_string<char,struct std::char_traits<char>,class std::allocator<char> > const &)" (?LoadImageA@ResourceManager@Sexy@@QAE?AVSharedImageRef@2@ABV?$basic_string@DU?$char_traits@D@std@@V?$allocator@D@2@@std@@@Z)，该符号在函数 "class Sexy::Image * __cdecl Sexy::LoadImageById(class Sexy::ResourceManager *,int)" (?LoadImageById@Sexy@@YAPAVImage@1@PAVResourceManager@1@H@Z) 中被引用
Board.obj : error LNK2019: 无法解析的外部符号 "int __cdecl Sexy::Rand(void)" (?Rand@Sexy@@YAHXZ)，该符号在函数 "private: void __thiscall Sexy::Board::InitLevel(int)" (?InitLevel@Board@Sexy@@AAEXH@Z) 中被引用
GameOverEffect.obj : error LNK2001: 无法解析的外部符号 "int __cdecl Sexy::Rand(void)" (?Rand@Sexy@@YAHXZ)
Board.obj : error LNK2019: 无法解析的外部符号 "class std::basic_string<char,struct std::char_traits<char>,class std::allocator<char> > __cdecl Sexy::StrFormat(char const *,...)" (?StrFormat@Sexy@@YA?AV?$basic_string@DU?$char_traits@D@std@@V?$allocator@D@2@@std@@PBDZZ)，该符号在函数 "private: void __thiscall Sexy::Board::UpdatePercentComplete(void)" (?UpdatePercentComplete@Board@Sexy@@AAEXXZ) 中被引用
GameOverEffect.obj : error LNK2001: 无法解析的外部符号 "class std::basic_string<char,struct std::char_traits<char>,class std::allocator<char> > __cdecl Sexy::StrFormat(char const *,...)" (?StrFormat@Sexy@@YA?AV?$basic_string@DU?$char_traits@D@std@@V?$allocator@D@2@@std@@PBDZZ)
LevelupEffect.obj : error LNK2001: 无法解析的外部符号 "class std::basic_string<char,struct std::char_traits<char>,class std::allocator<char> > __cdecl Sexy::StrFormat(char const *,...)" (?StrFormat@Sexy@@YA?AV?$basic_string@DU?$char_traits@D@std@@V?$allocator@D@2@@std@@PBDZZ)
Board.obj : error LNK2019: 无法解析的外部符号 "class std::basic_string<char,struct std::char_traits<char>,class std::allocator<char> > __cdecl Sexy::CommaSeperate(int)" (?CommaSeperate@Sexy@@YA?AV?$basic_string@DU?$char_traits@D@std@@V?$allocator@D@2@@std@@H@Z)，该符号在函数 "private: void __thiscall Sexy::Board::DrawUI(class Sexy::Graphics *)" (?DrawUI@Board@Sexy@@AAEXPAVGraphics@2@@Z) 中被引用
GameOverEffect.obj : error LNK2001: 无法解析的外部符号 "class std::basic_string<char,struct std::char_traits<char>,class std::allocator<char> > __cdecl Sexy::CommaSeperate(int)" (?CommaSeperate@Sexy@@YA?AV?$basic_string@DU?$char_traits@D@std@@V?$allocator@D@2@@std@@H@Z)
LevelupEffect.obj : error LNK2001: 无法解析的外部符号 "class std::basic_string<char,struct std::char_traits<char>,class std::allocator<char> > __cdecl Sexy::CommaSeperate(int)" (?CommaSeperate@Sexy@@YA?AV?$basic_string@DU?$char_traits@D@std@@V?$allocator@D@2@@std@@H@Z)
Board.obj : error LNK2019: 无法解析的外部符号 "public: __thiscall Sexy::Color::Color(void)" (??0Color@Sexy@@QAE@XZ)，该符号在函数 "public: __thiscall Sexy::Star::Star(void)" (??0Star@Sexy@@QAE@XZ) 中被引用
Board.obj : error LNK2019: 无法解析的外部符号 "public: __thiscall Sexy::Color::Color(int)" (??0Color@Sexy@@QAE@H@Z)，该符号在函数 "private: void __thiscall Sexy::Board::DrawGrid(class Sexy::Graphics *)" (?DrawGrid@Board@Sexy@@AAEXPAVGraphics@2@@Z) 中被引用
GameOverEffect.obj : error LNK2001: 无法解析的外部符号 "public: __thiscall Sexy::Color::Color(int)" (??0Color@Sexy@@QAE@H@Z)
LevelupEffect.obj : error LNK2001: 无法解析的外部符号 "public: __thiscall Sexy::Color::Color(int)" (??0Color@Sexy@@QAE@H@Z)
Board.obj : error LNK2019: 无法解析的外部符号 "public: __thiscall Sexy::Color::Color(int,int,int)" (??0Color@Sexy@@QAE@HHH@Z)，该符号在函数 "private: void __thiscall Sexy::Board::DrawMovingBeams(class Sexy::Graphics *)" (?DrawMovingBeams@Board@Sexy@@AAEXPAVGraphics@2@@Z) 中被引用
GameOverEffect.obj : error LNK2001: 无法解析的外部符号 "public: __thiscall Sexy::Color::Color(int,int,int)" (??0Color@Sexy@@QAE@HHH@Z)
LevelupEffect.obj : error LNK2001: 无法解析的外部符号 "public: __thiscall Sexy::Color::Color(int,int,int)" (??0Color@Sexy@@QAE@HHH@Z)
TitleScreen.obj : error LNK2001: 无法解析的外部符号 "public: __thiscall Sexy::Color::Color(int,int,int)" (??0Color@Sexy@@QAE@HHH@Z)
Board.obj : error LNK2019: 无法解析的外部符号 "public: __thiscall Sexy::Color::Color(int,int,int,int)" (??0Color@Sexy@@QAE@HHHH@Z)，该符号在函数 "private: void __thiscall Sexy::Board::DrawGrid(class Sexy::Graphics *)" (?DrawGrid@Board@Sexy@@AAEXPAVGraphics@2@@Z) 中被引用
GameOverEffect.obj : error LNK2001: 无法解析的外部符号 "public: __thiscall Sexy::Color::Color(int,int,int,int)" (??0Color@Sexy@@QAE@HHHH@Z)
LevelupEffect.obj : error LNK2001: 无法解析的外部符号 "public: __thiscall Sexy::Color::Color(int,int,int,int)" (??0Color@Sexy@@QAE@HHHH@Z)
Board.obj : error LNK2019: 无法解析的外部符号 "public: __thiscall Sexy::Insets::Insets(void)" (??0Insets@Sexy@@QAE@XZ)，该符号在函数 "public: __thiscall Sexy::Board::Board(class Sexy::GameApp *)" (??0Board@Sexy@@QAE@PAVGameApp@1@@Z) 中被引用
Board.obj : error LNK2019: 无法解析的外部符号 "public: int __thiscall Sexy::Image::GetWidth(void)" (?GetWidth@Image@Sexy@@QAEHXZ)，该符号在函数 "private: void __thiscall Sexy::Board::UpdateHungarrPosition(int,int)" (?UpdateHungarrPosition@Board@Sexy@@AAEXHH@Z) 中被引用
OptionsDialog.obj : error LNK2001: 无法解析的外部符号 "public: int __thiscall Sexy::Image::GetWidth(void)" (?GetWidth@Image@Sexy@@QAEHXZ)
TitleScreen.obj : error LNK2001: 无法解析的外部符号 "public: int __thiscall Sexy::Image::GetWidth(void)" (?GetWidth@Image@Sexy@@QAEHXZ)
Board.obj : error LNK2019: 无法解析的外部符号 "public: int __thiscall Sexy::Image::GetHeight(void)" (?GetHeight@Image@Sexy@@QAEHXZ)，该符号在函数 "private: void __thiscall Sexy::Board::UpdateHungarrPosition(int,int)" (?UpdateHungarrPosition@Board@Sexy@@AAEXHH@Z) 中被引用
OptionsDialog.obj : error LNK2001: 无法解析的外部符号 "public: int __thiscall Sexy::Image::GetHeight(void)" (?GetHeight@Image@Sexy@@QAEHXZ)
TitleScreen.obj : error LNK2001: 无法解析的外部符号 "public: int __thiscall Sexy::Image::GetHeight(void)" (?GetHeight@Image@Sexy@@QAEHXZ)
Board.obj : error LNK2019: 无法解析的外部符号 "public: int __thiscall Sexy::Image::GetCelWidth(void)" (?GetCelWidth@Image@Sexy@@QAEHXZ)，该符号在函数 "private: void __thiscall Sexy::Board::DrawPlanets(class Sexy::Graphics *)" (?DrawPlanets@Board@Sexy@@AAEXPAVGraphics@2@@Z) 中被引用
GameOverEffect.obj : error LNK2001: 无法解析的外部符号 "public: int __thiscall Sexy::Image::GetCelWidth(void)" (?GetCelWidth@Image@Sexy@@QAEHXZ)
Board.obj : error LNK2019: 无法解析的外部符号 "public: int __thiscall Sexy::Image::GetCelHeight(void)" (?GetCelHeight@Image@Sexy@@QAEHXZ)，该符号在函数 "private: void __thiscall Sexy::Board::DrawPlanets(class Sexy::Graphics *)" (?DrawPlanets@Board@Sexy@@AAEXPAVGraphics@2@@Z) 中被引用
GameOverEffect.obj : error LNK2001: 无法解析的外部符号 "public: int __thiscall Sexy::Image::GetCelHeight(void)" (?GetCelHeight@Image@Sexy@@QAEHXZ)
TitleScreen.obj : error LNK2001: 无法解析的外部符号 "public: void __thiscall Sexy::Graphics::SetFont(class Sexy::Font *)" (?SetFont@Graphics@Sexy@@QAEXPAVFont@2@@Z)
Board.obj : error LNK2001: 无法解析的外部符号 "public: void __thiscall Sexy::Graphics::SetFont(class Sexy::Font *)" (?SetFont@Graphics@Sexy@@QAEXPAVFont@2@@Z)
GameOverEffect.obj : error LNK2001: 无法解析的外部符号 "public: void __thiscall Sexy::Graphics::SetFont(class Sexy::Font *)" (?SetFont@Graphics@Sexy@@QAEXPAVFont@2@@Z)
LevelupEffect.obj : error LNK2001: 无法解析的外部符号 "public: void __thiscall Sexy::Graphics::SetFont(class Sexy::Font *)" (?SetFont@Graphics@Sexy@@QAEXPAVFont@2@@Z)
OptionsDialog.obj : error LNK2001: 无法解析的外部符号 "public: void __thiscall Sexy::Graphics::SetFont(class Sexy::Font *)" (?SetFont@Graphics@Sexy@@QAEXPAVFont@2@@Z)
TitleScreen.obj : error LNK2001: 无法解析的外部符号 "public: void __thiscall Sexy::Graphics::SetColor(class Sexy::Color const &)" (?SetColor@Graphics@Sexy@@QAEXABVColor@2@@Z)
Board.obj : error LNK2001: 无法解析的外部符号 "public: void __thiscall Sexy::Graphics::SetColor(class Sexy::Color const &)" (?SetColor@Graphics@Sexy@@QAEXABVColor@2@@Z)
GameOverEffect.obj : error LNK2001: 无法解析的外部符号 "public: void __thiscall Sexy::Graphics::SetColor(class Sexy::Color const &)" (?SetColor@Graphics@Sexy@@QAEXABVColor@2@@Z)
LevelupEffect.obj : error LNK2001: 无法解析的外部符号 "public: void __thiscall Sexy::Graphics::SetColor(class Sexy::Color const &)" (?SetColor@Graphics@Sexy@@QAEXABVColor@2@@Z)
OptionsDialog.obj : error LNK2001: 无法解析的外部符号 "public: void __thiscall Sexy::Graphics::SetColor(class Sexy::Color const &)" (?SetColor@Graphics@Sexy@@QAEXABVColor@2@@Z)
Board.obj : error LNK2019: 无法解析的外部符号 "public: void __thiscall Sexy::Graphics::SetDrawMode(int)" (?SetDrawMode@Graphics@Sexy@@QAEXH@Z)，该符号在函数 "private: void __thiscall Sexy::Board::DrawMovingBeams(class Sexy::Graphics *)" (?DrawMovingBeams@Board@Sexy@@AAEXPAVGraphics@2@@Z) 中被引用
Board.obj : error LNK2019: 无法解析的外部符号 "public: void __thiscall Sexy::Graphics::SetColorizeImages(bool)" (?SetColorizeImages@Graphics@Sexy@@QAEX_N@Z)，该符号在函数 "private: void __thiscall Sexy::Board::DrawMovingBeams(class Sexy::Graphics *)" (?DrawMovingBeams@Board@Sexy@@AAEXPAVGraphics@2@@Z) 中被引用
Board.obj : error LNK2019: 无法解析的外部符号 "public: void __thiscall Sexy::Graphics::FillRect(int,int,int,int)" (?FillRect@Graphics@Sexy@@QAEXHHHH@Z)，该符号在函数 "private: void __thiscall Sexy::Board::DrawGrid(class Sexy::Graphics *)" (?DrawGrid@Board@Sexy@@AAEXPAVGraphics@2@@Z) 中被引用
GameOverEffect.obj : error LNK2001: 无法解析的外部符号 "public: void __thiscall Sexy::Graphics::FillRect(int,int,int,int)" (?FillRect@Graphics@Sexy@@QAEXHHHH@Z)
LevelupEffect.obj : error LNK2001: 无法解析的外部符号 "public: void __thiscall Sexy::Graphics::FillRect(int,int,int,int)" (?FillRect@Graphics@Sexy@@QAEXHHHH@Z)
TitleScreen.obj : error LNK2001: 无法解析的外部符号 "public: void __thiscall Sexy::Graphics::FillRect(int,int,int,int)" (?FillRect@Graphics@Sexy@@QAEXHHHH@Z)
Board.obj : error LNK2019: 无法解析的外部符号 "public: void __thiscall Sexy::Graphics::FillRect(class Sexy::TRect<int> const &)" (?FillRect@Graphics@Sexy@@QAEXABV?$TRect@H@2@@Z)，该符号在函数 "private: void __thiscall Sexy::Board::DrawGrid(class Sexy::Graphics *)" (?DrawGrid@Board@Sexy@@AAEXPAVGraphics@2@@Z) 中被引用
Board.obj : error LNK2019: 无法解析的外部符号 "public: void __thiscall Sexy::Graphics::DrawRect(int,int,int,int)" (?DrawRect@Graphics@Sexy@@QAEXHHHH@Z)，该符号在函数 "private: void __thiscall Sexy::Board::DrawGrid(class Sexy::Graphics *)" (?DrawGrid@Board@Sexy@@AAEXPAVGraphics@2@@Z) 中被引用
Board.obj : error LNK2019: 无法解析的外部符号 "public: void __thiscall Sexy::Graphics::DrawRect(class Sexy::TRect<int> const &)" (?DrawRect@Graphics@Sexy@@QAEXABV?$TRect@H@2@@Z)，该符号在函数 "private: void __thiscall Sexy::Board::DrawGrid(class Sexy::Graphics *)" (?DrawGrid@Board@Sexy@@AAEXPAVGraphics@2@@Z) 中被引用
GameOverEffect.obj : error LNK2001: 无法解析的外部符号 "public: void __thiscall Sexy::Graphics::DrawRect(class Sexy::TRect<int> const &)" (?DrawRect@Graphics@Sexy@@QAEXABV?$TRect@H@2@@Z)
TitleScreen.obj : error LNK2001: 无法解析的外部符号 "public: void __thiscall Sexy::Graphics::DrawString(class std::basic_string<char,struct std::char_traits<char>,class std::allocator<char> > const &,int,int)" (?DrawString@Graphics@Sexy@@QAEXABV?$basic_string@DU?$char_traits@D@std@@V?$allocator@D@2@@std@@HH@Z)
Board.obj : error LNK2001: 无法解析的外部符号 "public: void __thiscall Sexy::Graphics::DrawString(class std::basic_string<char,struct std::char_traits<char>,class std::allocator<char> > const &,int,int)" (?DrawString@Graphics@Sexy@@QAEXABV?$basic_string@DU?$char_traits@D@std@@V?$allocator@D@2@@std@@HH@Z)
GameOverEffect.obj : error LNK2001: 无法解析的外部符号 "public: void __thiscall Sexy::Graphics::DrawString(class std::basic_string<char,struct std::char_traits<char>,class std::allocator<char> > const &,int,int)" (?DrawString@Graphics@Sexy@@QAEXABV?$basic_string@DU?$char_traits@D@std@@V?$allocator@D@2@@std@@HH@Z)
LevelupEffect.obj : error LNK2001: 无法解析的外部符号 "public: void __thiscall Sexy::Graphics::DrawString(class std::basic_string<char,struct std::char_traits<char>,class std::allocator<char> > const &,int,int)" (?DrawString@Graphics@Sexy@@QAEXABV?$basic_string@DU?$char_traits@D@std@@V?$allocator@D@2@@std@@HH@Z)
OptionsDialog.obj : error LNK2001: 无法解析的外部符号 "public: void __thiscall Sexy::Graphics::DrawString(class std::basic_string<char,struct std::char_traits<char>,class std::allocator<char> > const &,int,int)" (?DrawString@Graphics@Sexy@@QAEXABV?$basic_string@DU?$char_traits@D@std@@V?$allocator@D@2@@std@@HH@Z)
Board.obj : error LNK2019: 无法解析的外部符号 "public: void __thiscall Sexy::Graphics::DrawImage(class Sexy::Image *,int,int)" (?DrawImage@Graphics@Sexy@@QAEXPAVImage@2@HH@Z)，该符号在函数 "private: void __thiscall Sexy::Board::DrawHungarr(class Sexy::Graphics *)" (?DrawHungarr@Board@Sexy@@AAEXPAVGraphics@2@@Z) 中被引用
GameOverEffect.obj : error LNK2001: 无法解析的外部符号 "public: void __thiscall Sexy::Graphics::DrawImage(class Sexy::Image *,int,int)" (?DrawImage@Graphics@Sexy@@QAEXPAVImage@2@HH@Z)
TitleScreen.obj : error LNK2001: 无法解析的外部符号 "public: void __thiscall Sexy::Graphics::DrawImage(class Sexy::Image *,int,int)" (?DrawImage@Graphics@Sexy@@QAEXPAVImage@2@HH@Z)
Board.obj : error LNK2019: 无法解析的外部符号 "public: void __thiscall Sexy::Graphics::DrawImage(class Sexy::Image *,int,int,class Sexy::TRect<int> const &)" (?DrawImage@Graphics@Sexy@@QAEXPAVImage@2@HHABV?$TRect@H@2@@Z)，该符号在函数 "private: void __thiscall Sexy::Board::Beam1DrawHelper(class Sexy::Graphics *)" (?Beam1DrawHelper@Board@Sexy@@AAEXPAVGraphics@2@@Z) 中被引用
TitleScreen.obj : error LNK2001: 无法解析的外部符号 "public: void __thiscall Sexy::Graphics::DrawImage(class Sexy::Image *,int,int,class Sexy::TRect<int> const &)" (?DrawImage@Graphics@Sexy@@QAEXPAVImage@2@HHABV?$TRect@H@2@@Z)
Board.obj : error LNK2019: 无法解析的外部符号 "public: void __thiscall Sexy::Graphics::DrawImageF(class Sexy::Image *,float,float)" (?DrawImageF@Graphics@Sexy@@QAEXPAVImage@2@MM@Z)，该符号在函数 "private: void __thiscall Sexy::Board::DrawHungarr(class Sexy::Graphics *)" (?DrawHungarr@Board@Sexy@@AAEXPAVGraphics@2@@Z) 中被引用
Board.obj : error LNK2019: 无法解析的外部符号 "public: void __thiscall Sexy::Graphics::DrawImageF(class Sexy::Image *,float,float,class Sexy::TRect<int> const &)" (?DrawImageF@Graphics@Sexy@@QAEXPAVImage@2@MMABV?$TRect@H@2@@Z)，该符号在函数 "private: void __thiscall Sexy::Board::Beam1DrawHelper(class Sexy::Graphics *)" (?Beam1DrawHelper@Board@Sexy@@AAEXPAVGraphics@2@@Z) 中被引用
Board.obj : error LNK2019: 无法解析的外部符号 "public: void __thiscall Sexy::Graphics::DrawImageRotatedF(class Sexy::Image *,float,float,double,class Sexy::TRect<int> const *)" (?DrawImageRotatedF@Graphics@Sexy@@QAEXPAVImage@2@MMNPBV?$TRect@H@2@@Z)，该符号在函数 "private: void __thiscall Sexy::Board::DrawPlanets(class Sexy::Graphics *)" (?DrawPlanets@Board@Sexy@@AAEXPAVGraphics@2@@Z) 中被引用
Board.obj : error LNK2019: 无法解析的外部符号 "public: void __thiscall Sexy::Graphics::DrawImageCel(class Sexy::Image *,int,int,int)" (?DrawImageCel@Graphics@Sexy@@QAEXPAVImage@2@HHH@Z)，该符号在函数 "private: void __thiscall Sexy::Board::DrawMovingBeams(class Sexy::Graphics *)" (?DrawMovingBeams@Board@Sexy@@AAEXPAVGraphics@2@@Z) 中被引用
GameOverEffect.obj : error LNK2001: 无法解析的外部符号 "public: void __thiscall Sexy::Graphics::DrawImageCel(class Sexy::Image *,int,int,int)" (?DrawImageCel@Graphics@Sexy@@QAEXPAVImage@2@HHH@Z)
Board.obj : error LNK2001: 无法解析的外部符号 "public: virtual class Sexy::TRect<int> __thiscall Sexy::WidgetContainer::GetRect(void)" (?GetRect@WidgetContainer@Sexy@@UAE?AV?$TRect@H@2@XZ)
OptionsDialog.obj : error LNK2001: 无法解析的外部符号 "public: virtual class Sexy::TRect<int> __thiscall Sexy::WidgetContainer::GetRect(void)" (?GetRect@WidgetContainer@Sexy@@UAE?AV?$TRect@H@2@XZ)
TitleScreen.obj : error LNK2001: 无法解析的外部符号 "public: virtual class Sexy::TRect<int> __thiscall Sexy::WidgetContainer::GetRect(void)" (?GetRect@WidgetContainer@Sexy@@UAE?AV?$TRect@H@2@XZ)
Board.obj : error LNK2001: 无法解析的外部符号 "public: virtual bool __thiscall Sexy::WidgetContainer::Intersects(class Sexy::WidgetContainer *)" (?Intersects@WidgetContainer@Sexy@@UAE_NPAV12@@Z)
OptionsDialog.obj : error LNK2001: 无法解析的外部符号 "public: virtual bool __thiscall Sexy::WidgetContainer::Intersects(class Sexy::WidgetContainer *)" (?Intersects@WidgetContainer@Sexy@@UAE_NPAV12@@Z)
TitleScreen.obj : error LNK2001: 无法解析的外部符号 "public: virtual bool __thiscall Sexy::WidgetContainer::Intersects(class Sexy::WidgetContainer *)" (?Intersects@WidgetContainer@Sexy@@UAE_NPAV12@@Z)
Board.obj : error LNK2001: 无法解析的外部符号 "public: virtual void __thiscall Sexy::WidgetContainer::AddWidget(class Sexy::Widget *)" (?AddWidget@WidgetContainer@Sexy@@UAEXPAVWidget@2@@Z)
OptionsDialog.obj : error LNK2001: 无法解析的外部符号 "public: virtual void __thiscall Sexy::WidgetContainer::AddWidget(class Sexy::Widget *)" (?AddWidget@WidgetContainer@Sexy@@UAEXPAVWidget@2@@Z)
TitleScreen.obj : error LNK2001: 无法解析的外部符号 "public: virtual void __thiscall Sexy::WidgetContainer::AddWidget(class Sexy::Widget *)" (?AddWidget@WidgetContainer@Sexy@@UAEXPAVWidget@2@@Z)
Board.obj : error LNK2001: 无法解析的外部符号 "public: virtual void __thiscall Sexy::WidgetContainer::RemoveWidget(class Sexy::Widget *)" (?RemoveWidget@WidgetContainer@Sexy@@UAEXPAVWidget@2@@Z)
OptionsDialog.obj : error LNK2001: 无法解析的外部符号 "public: virtual void __thiscall Sexy::WidgetContainer::RemoveWidget(class Sexy::Widget *)" (?RemoveWidget@WidgetContainer@Sexy@@UAEXPAVWidget@2@@Z)
TitleScreen.obj : error LNK2001: 无法解析的外部符号 "public: virtual void __thiscall Sexy::WidgetContainer::RemoveWidget(class Sexy::Widget *)" (?RemoveWidget@WidgetContainer@Sexy@@UAEXPAVWidget@2@@Z)
Board.obj : error LNK2001: 无法解析的外部符号 "public: virtual bool __thiscall Sexy::WidgetContainer::HasWidget(class Sexy::Widget *)" (?HasWidget@WidgetContainer@Sexy@@UAE_NPAVWidget@2@@Z)
OptionsDialog.obj : error LNK2001: 无法解析的外部符号 "public: virtual bool __thiscall Sexy::WidgetContainer::HasWidget(class Sexy::Widget *)" (?HasWidget@WidgetContainer@Sexy@@UAE_NPAVWidget@2@@Z)
TitleScreen.obj : error LNK2001: 无法解析的外部符号 "public: virtual bool __thiscall Sexy::WidgetContainer::HasWidget(class Sexy::Widget *)" (?HasWidget@WidgetContainer@Sexy@@UAE_NPAVWidget@2@@Z)
Board.obj : error LNK2001: 无法解析的外部符号 "public: virtual void __thiscall Sexy::WidgetContainer::DisableWidget(class Sexy::Widget *)" (?DisableWidget@WidgetContainer@Sexy@@UAEXPAVWidget@2@@Z)
OptionsDialog.obj : error LNK2001: 无法解析的外部符号 "public: virtual void __thiscall Sexy::WidgetContainer::DisableWidget(class Sexy::Widget *)" (?DisableWidget@WidgetContainer@Sexy@@UAEXPAVWidget@2@@Z)
TitleScreen.obj : error LNK2001: 无法解析的外部符号 "public: virtual void __thiscall Sexy::WidgetContainer::DisableWidget(class Sexy::Widget *)" (?DisableWidget@WidgetContainer@Sexy@@UAEXPAVWidget@2@@Z)
Board.obj : error LNK2001: 无法解析的外部符号 "public: virtual void __thiscall Sexy::WidgetContainer::RemoveAllWidgets(bool,bool)" (?RemoveAllWidgets@WidgetContainer@Sexy@@UAEX_N0@Z)
OptionsDialog.obj : error LNK2001: 无法解析的外部符号 "public: virtual void __thiscall Sexy::WidgetContainer::RemoveAllWidgets(bool,bool)" (?RemoveAllWidgets@WidgetContainer@Sexy@@UAEX_N0@Z)
TitleScreen.obj : error LNK2001: 无法解析的外部符号 "public: virtual void __thiscall Sexy::WidgetContainer::RemoveAllWidgets(bool,bool)" (?RemoveAllWidgets@WidgetContainer@Sexy@@UAEX_N0@Z)
Board.obj : error LNK2001: 无法解析的外部符号 "public: virtual void __thiscall Sexy::WidgetContainer::SetFocus(class Sexy::Widget *)" (?SetFocus@WidgetContainer@Sexy@@UAEXPAVWidget@2@@Z)
OptionsDialog.obj : error LNK2001: 无法解析的外部符号 "public: virtual void __thiscall Sexy::WidgetContainer::SetFocus(class Sexy::Widget *)" (?SetFocus@WidgetContainer@Sexy@@UAEXPAVWidget@2@@Z)
TitleScreen.obj : error LNK2001: 无法解析的外部符号 "public: virtual void __thiscall Sexy::WidgetContainer::SetFocus(class Sexy::Widget *)" (?SetFocus@WidgetContainer@Sexy@@UAEXPAVWidget@2@@Z)
Board.obj : error LNK2001: 无法解析的外部符号 "public: virtual bool __thiscall Sexy::WidgetContainer::IsBelow(class Sexy::Widget *,class Sexy::Widget *)" (?IsBelow@WidgetContainer@Sexy@@UAE_NPAVWidget@2@0@Z)
OptionsDialog.obj : error LNK2001: 无法解析的外部符号 "public: virtual bool __thiscall Sexy::WidgetContainer::IsBelow(class Sexy::Widget *,class Sexy::Widget *)" (?IsBelow@WidgetContainer@Sexy@@UAE_NPAVWidget@2@0@Z)
TitleScreen.obj : error LNK2001: 无法解析的外部符号 "public: virtual bool __thiscall Sexy::WidgetContainer::IsBelow(class Sexy::Widget *,class Sexy::Widget *)" (?IsBelow@WidgetContainer@Sexy@@UAE_NPAVWidget@2@0@Z)
Board.obj : error LNK2001: 无法解析的外部符号 "public: virtual void __thiscall Sexy::WidgetContainer::MarkAllDirty(void)" (?MarkAllDirty@WidgetContainer@Sexy@@UAEXXZ)
OptionsDialog.obj : error LNK2001: 无法解析的外部符号 "public: virtual void __thiscall Sexy::WidgetContainer::MarkAllDirty(void)" (?MarkAllDirty@WidgetContainer@Sexy@@UAEXXZ)
TitleScreen.obj : error LNK2001: 无法解析的外部符号 "public: virtual void __thiscall Sexy::WidgetContainer::MarkAllDirty(void)" (?MarkAllDirty@WidgetContainer@Sexy@@UAEXXZ)
Board.obj : error LNK2001: 无法解析的外部符号 "public: virtual void __thiscall Sexy::WidgetContainer::BringToFront(class Sexy::Widget *)" (?BringToFront@WidgetContainer@Sexy@@UAEXPAVWidget@2@@Z)
OptionsDialog.obj : error LNK2001: 无法解析的外部符号 "public: virtual void __thiscall Sexy::WidgetContainer::BringToFront(class Sexy::Widget *)" (?BringToFront@WidgetContainer@Sexy@@UAEXPAVWidget@2@@Z)
TitleScreen.obj : error LNK2001: 无法解析的外部符号 "public: virtual void __thiscall Sexy::WidgetContainer::BringToFront(class Sexy::Widget *)" (?BringToFront@WidgetContainer@Sexy@@UAEXPAVWidget@2@@Z)
Board.obj : error LNK2001: 无法解析的外部符号 "public: virtual void __thiscall Sexy::WidgetContainer::BringToBack(class Sexy::Widget *)" (?BringToBack@WidgetContainer@Sexy@@UAEXPAVWidget@2@@Z)
OptionsDialog.obj : error LNK2001: 无法解析的外部符号 "public: virtual void __thiscall Sexy::WidgetContainer::BringToBack(class Sexy::Widget *)" (?BringToBack@WidgetContainer@Sexy@@UAEXPAVWidget@2@@Z)
TitleScreen.obj : error LNK2001: 无法解析的外部符号 "public: virtual void __thiscall Sexy::WidgetContainer::BringToBack(class Sexy::Widget *)" (?BringToBack@WidgetContainer@Sexy@@UAEXPAVWidget@2@@Z)
Board.obj : error LNK2001: 无法解析的外部符号 "public: virtual void __thiscall Sexy::WidgetContainer::PutBehind(class Sexy::Widget *,class Sexy::Widget *)" (?PutBehind@WidgetContainer@Sexy@@UAEXPAVWidget@2@0@Z)
OptionsDialog.obj : error LNK2001: 无法解析的外部符号 "public: virtual void __thiscall Sexy::WidgetContainer::PutBehind(class Sexy::Widget *,class Sexy::Widget *)" (?PutBehind@WidgetContainer@Sexy@@UAEXPAVWidget@2@0@Z)
TitleScreen.obj : error LNK2001: 无法解析的外部符号 "public: virtual void __thiscall Sexy::WidgetContainer::PutBehind(class Sexy::Widget *,class Sexy::Widget *)" (?PutBehind@WidgetContainer@Sexy@@UAEXPAVWidget@2@0@Z)
Board.obj : error LNK2001: 无法解析的外部符号 "public: virtual void __thiscall Sexy::WidgetContainer::PutInfront(class Sexy::Widget *,class Sexy::Widget *)" (?PutInfront@WidgetContainer@Sexy@@UAEXPAVWidget@2@0@Z)
OptionsDialog.obj : error LNK2001: 无法解析的外部符号 "public: virtual void __thiscall Sexy::WidgetContainer::PutInfront(class Sexy::Widget *,class Sexy::Widget *)" (?PutInfront@WidgetContainer@Sexy@@UAEXPAVWidget@2@0@Z)
TitleScreen.obj : error LNK2001: 无法解析的外部符号 "public: virtual void __thiscall Sexy::WidgetContainer::PutInfront(class Sexy::Widget *,class Sexy::Widget *)" (?PutInfront@WidgetContainer@Sexy@@UAEXPAVWidget@2@0@Z)
Board.obj : error LNK2001: 无法解析的外部符号 "public: virtual class Sexy::TPoint<int> __thiscall Sexy::WidgetContainer::GetAbsPos(void)" (?GetAbsPos@WidgetContainer@Sexy@@UAE?AV?$TPoint@H@2@XZ)
OptionsDialog.obj : error LNK2001: 无法解析的外部符号 "public: virtual class Sexy::TPoint<int> __thiscall Sexy::WidgetContainer::GetAbsPos(void)" (?GetAbsPos@WidgetContainer@Sexy@@UAE?AV?$TPoint@H@2@XZ)
TitleScreen.obj : error LNK2001: 无法解析的外部符号 "public: virtual class Sexy::TPoint<int> __thiscall Sexy::WidgetContainer::GetAbsPos(void)" (?GetAbsPos@WidgetContainer@Sexy@@UAE?AV?$TPoint@H@2@XZ)
Board.obj : error LNK2001: 无法解析的外部符号 "public: virtual void __thiscall Sexy::WidgetContainer::MarkDirty(void)" (?MarkDirty@WidgetContainer@Sexy@@UAEXXZ)
OptionsDialog.obj : error LNK2001: 无法解析的外部符号 "public: virtual void __thiscall Sexy::WidgetContainer::MarkDirty(void)" (?MarkDirty@WidgetContainer@Sexy@@UAEXXZ)
TitleScreen.obj : error LNK2001: 无法解析的外部符号 "public: virtual void __thiscall Sexy::WidgetContainer::MarkDirty(void)" (?MarkDirty@WidgetContainer@Sexy@@UAEXXZ)
Board.obj : error LNK2001: 无法解析的外部符号 "public: virtual void __thiscall Sexy::WidgetContainer::MarkDirtyFull(void)" (?MarkDirtyFull@WidgetContainer@Sexy@@UAEXXZ)
OptionsDialog.obj : error LNK2001: 无法解析的外部符号 "public: virtual void __thiscall Sexy::WidgetContainer::MarkDirtyFull(void)" (?MarkDirtyFull@WidgetContainer@Sexy@@UAEXXZ)
TitleScreen.obj : error LNK2001: 无法解析的外部符号 "public: virtual void __thiscall Sexy::WidgetContainer::MarkDirtyFull(void)" (?MarkDirtyFull@WidgetContainer@Sexy@@UAEXXZ)
Board.obj : error LNK2001: 无法解析的外部符号 "public: virtual void __thiscall Sexy::WidgetContainer::MarkDirtyFull(class Sexy::WidgetContainer *)" (?MarkDirtyFull@WidgetContainer@Sexy@@UAEXPAV12@@Z)
OptionsDialog.obj : error LNK2001: 无法解析的外部符号 "public: virtual void __thiscall Sexy::WidgetContainer::MarkDirtyFull(class Sexy::WidgetContainer *)" (?MarkDirtyFull@WidgetContainer@Sexy@@UAEXPAV12@@Z)
TitleScreen.obj : error LNK2001: 无法解析的外部符号 "public: virtual void __thiscall Sexy::WidgetContainer::MarkDirtyFull(class Sexy::WidgetContainer *)" (?MarkDirtyFull@WidgetContainer@Sexy@@UAEXPAV12@@Z)
Board.obj : error LNK2001: 无法解析的外部符号 "public: virtual void __thiscall Sexy::WidgetContainer::MarkDirty(class Sexy::WidgetContainer *)" (?MarkDirty@WidgetContainer@Sexy@@UAEXPAV12@@Z)
OptionsDialog.obj : error LNK2001: 无法解析的外部符号 "public: virtual void __thiscall Sexy::WidgetContainer::MarkDirty(class Sexy::WidgetContainer *)" (?MarkDirty@WidgetContainer@Sexy@@UAEXPAV12@@Z)
TitleScreen.obj : error LNK2001: 无法解析的外部符号 "public: virtual void __thiscall Sexy::WidgetContainer::MarkDirty(class Sexy::WidgetContainer *)" (?MarkDirty@WidgetContainer@Sexy@@UAEXPAV12@@Z)
Board.obj : error LNK2019: 无法解析的外部符号 "public: virtual void __thiscall Sexy::WidgetContainer::AddedToManager(class Sexy::WidgetManager *)" (?AddedToManager@WidgetContainer@Sexy@@UAEXPAVWidgetManager@2@@Z)，该符号在函数 "public: virtual void __thiscall Sexy::Board::AddedToManager(class Sexy::WidgetManager *)" (?AddedToManager@Board@Sexy@@UAEXPAVWidgetManager@2@@Z) 中被引用
TitleScreen.obj : error LNK2001: 无法解析的外部符号 "public: virtual void __thiscall Sexy::WidgetContainer::AddedToManager(class Sexy::WidgetManager *)" (?AddedToManager@WidgetContainer@Sexy@@UAEXPAVWidgetManager@2@@Z)
Board.obj : error LNK2019: 无法解析的外部符号 "public: virtual void __thiscall Sexy::WidgetContainer::RemovedFromManager(class Sexy::WidgetManager *)" (?RemovedFromManager@WidgetContainer@Sexy@@UAEXPAVWidgetManager@2@@Z)，该符号在函数 "public: virtual void __thiscall Sexy::Board::RemovedFromManager(class Sexy::WidgetManager *)" (?RemovedFromManager@Board@Sexy@@UAEXPAVWidgetManager@2@@Z) 中被引用
TitleScreen.obj : error LNK2001: 无法解析的外部符号 "public: virtual void __thiscall Sexy::WidgetContainer::RemovedFromManager(class Sexy::WidgetManager *)" (?RemovedFromManager@WidgetContainer@Sexy@@UAEXPAVWidgetManager@2@@Z)
Board.obj : error LNK2001: 无法解析的外部符号 "public: virtual void __thiscall Sexy::WidgetContainer::UpdateAll(class Sexy::ModalFlags *)" (?UpdateAll@WidgetContainer@Sexy@@UAEXPAVModalFlags@2@@Z)
OptionsDialog.obj : error LNK2001: 无法解析的外部符号 "public: virtual void __thiscall Sexy::WidgetContainer::UpdateAll(class Sexy::ModalFlags *)" (?UpdateAll@WidgetContainer@Sexy@@UAEXPAVModalFlags@2@@Z)
TitleScreen.obj : error LNK2001: 无法解析的外部符号 "public: virtual void __thiscall Sexy::WidgetContainer::UpdateAll(class Sexy::ModalFlags *)" (?UpdateAll@WidgetContainer@Sexy@@UAEXPAVModalFlags@2@@Z)
Board.obj : error LNK2001: 无法解析的外部符号 "public: virtual void __thiscall Sexy::WidgetContainer::UpdateFAll(class Sexy::ModalFlags *,float)" (?UpdateFAll@WidgetContainer@Sexy@@UAEXPAVModalFlags@2@M@Z)
OptionsDialog.obj : error LNK2001: 无法解析的外部符号 "public: virtual void __thiscall Sexy::WidgetContainer::UpdateFAll(class Sexy::ModalFlags *,float)" (?UpdateFAll@WidgetContainer@Sexy@@UAEXPAVModalFlags@2@M@Z)
TitleScreen.obj : error LNK2001: 无法解析的外部符号 "public: virtual void __thiscall Sexy::WidgetContainer::UpdateFAll(class Sexy::ModalFlags *,float)" (?UpdateFAll@WidgetContainer@Sexy@@UAEXPAVModalFlags@2@M@Z)
Board.obj : error LNK2001: 无法解析的外部符号 "public: virtual void __thiscall Sexy::WidgetContainer::DrawAll(class Sexy::ModalFlags *,class Sexy::Graphics *)" (?DrawAll@WidgetContainer@Sexy@@UAEXPAVModalFlags@2@PAVGraphics@2@@Z)
OptionsDialog.obj : error LNK2001: 无法解析的外部符号 "public: virtual void __thiscall Sexy::WidgetContainer::DrawAll(class Sexy::ModalFlags *,class Sexy::Graphics *)" (?DrawAll@WidgetContainer@Sexy@@UAEXPAVModalFlags@2@PAVGraphics@2@@Z)
TitleScreen.obj : error LNK2001: 无法解析的外部符号 "public: virtual void __thiscall Sexy::WidgetContainer::DrawAll(class Sexy::ModalFlags *,class Sexy::Graphics *)" (?DrawAll@WidgetContainer@Sexy@@UAEXPAVModalFlags@2@PAVGraphics@2@@Z)
Board.obj : error LNK2001: 无法解析的外部符号 "public: virtual void __thiscall Sexy::WidgetContainer::SysColorChangedAll(void)" (?SysColorChangedAll@WidgetContainer@Sexy@@UAEXXZ)
OptionsDialog.obj : error LNK2001: 无法解析的外部符号 "public: virtual void __thiscall Sexy::WidgetContainer::SysColorChangedAll(void)" (?SysColorChangedAll@WidgetContainer@Sexy@@UAEXXZ)
TitleScreen.obj : error LNK2001: 无法解析的外部符号 "public: virtual void __thiscall Sexy::WidgetContainer::SysColorChangedAll(void)" (?SysColorChangedAll@WidgetContainer@Sexy@@UAEXXZ)
Board.obj : error LNK2001: 无法解析的外部符号 "public: virtual void __thiscall Sexy::WidgetContainer::SysColorChanged(void)" (?SysColorChanged@WidgetContainer@Sexy@@UAEXXZ)
OptionsDialog.obj : error LNK2001: 无法解析的外部符号 "public: virtual void __thiscall Sexy::WidgetContainer::SysColorChanged(void)" (?SysColorChanged@WidgetContainer@Sexy@@UAEXXZ)
TitleScreen.obj : error LNK2001: 无法解析的外部符号 "public: virtual void __thiscall Sexy::WidgetContainer::SysColorChanged(void)" (?SysColorChanged@WidgetContainer@Sexy@@UAEXXZ)
Board.obj : error LNK2019: 无法解析的外部符号 "public: __thiscall Sexy::Widget::Widget(void)" (??0Widget@Sexy@@QAE@XZ)，该符号在函数 "public: __thiscall Sexy::Board::Board(class Sexy::GameApp *)" (??0Board@Sexy@@QAE@PAVGameApp@1@@Z) 中被引用
TitleScreen.obj : error LNK2001: 无法解析的外部符号 "public: __thiscall Sexy::Widget::Widget(void)" (??0Widget@Sexy@@QAE@XZ)
Board.obj : error LNK2019: 无法解析的外部符号 "public: virtual __thiscall Sexy::Widget::~Widget(void)" (??1Widget@Sexy@@UAE@XZ)，该符号在函数 "public: virtual __thiscall Sexy::Board::~Board(void)" (??1Board@Sexy@@UAE@XZ) 中被引用
TitleScreen.obj : error LNK2001: 无法解析的外部符号 "public: virtual __thiscall Sexy::Widget::~Widget(void)" (??1Widget@Sexy@@UAE@XZ)
Board.obj : error LNK2001: 无法解析的外部符号 "public: virtual void __thiscall Sexy::Widget::OrderInManagerChanged(void)" (?OrderInManagerChanged@Widget@Sexy@@UAEXXZ)
TitleScreen.obj : error LNK2001: 无法解析的外部符号 "public: virtual void __thiscall Sexy::Widget::OrderInManagerChanged(void)" (?OrderInManagerChanged@Widget@Sexy@@UAEXXZ)
Board.obj : error LNK2001: 无法解析的外部符号 "public: virtual void __thiscall Sexy::Widget::SetVisible(bool)" (?SetVisible@Widget@Sexy@@UAEX_N@Z)
OptionsDialog.obj : error LNK2001: 无法解析的外部符号 "public: virtual void __thiscall Sexy::Widget::SetVisible(bool)" (?SetVisible@Widget@Sexy@@UAEX_N@Z)
TitleScreen.obj : error LNK2001: 无法解析的外部符号 "public: virtual void __thiscall Sexy::Widget::SetVisible(bool)" (?SetVisible@Widget@Sexy@@UAEX_N@Z)
Board.obj : error LNK2001: 无法解析的外部符号 "public: virtual void __thiscall Sexy::Widget::SetColors(int (* const)[3],int)" (?SetColors@Widget@Sexy@@UAEXQAY02HH@Z)
OptionsDialog.obj : error LNK2001: 无法解析的外部符号 "public: virtual void __thiscall Sexy::Widget::SetColors(int (* const)[3],int)" (?SetColors@Widget@Sexy@@UAEXQAY02HH@Z)
TitleScreen.obj : error LNK2001: 无法解析的外部符号 "public: virtual void __thiscall Sexy::Widget::SetColors(int (* const)[3],int)" (?SetColors@Widget@Sexy@@UAEXQAY02HH@Z)
Board.obj : error LNK2001: 无法解析的外部符号 "public: virtual void __thiscall Sexy::Widget::SetColors(int (* const)[4],int)" (?SetColors@Widget@Sexy@@UAEXQAY03HH@Z)
OptionsDialog.obj : error LNK2001: 无法解析的外部符号 "public: virtual void __thiscall Sexy::Widget::SetColors(int (* const)[4],int)" (?SetColors@Widget@Sexy@@UAEXQAY03HH@Z)
TitleScreen.obj : error LNK2001: 无法解析的外部符号 "public: virtual void __thiscall Sexy::Widget::SetColors(int (* const)[4],int)" (?SetColors@Widget@Sexy@@UAEXQAY03HH@Z)
Board.obj : error LNK2001: 无法解析的外部符号 "public: virtual void __thiscall Sexy::Widget::SetColor(int,class Sexy::Color const &)" (?SetColor@Widget@Sexy@@UAEXHABVColor@2@@Z)
TitleScreen.obj : error LNK2001: 无法解析的外部符号 "public: virtual void __thiscall Sexy::Widget::SetColor(int,class Sexy::Color const &)" (?SetColor@Widget@Sexy@@UAEXHABVColor@2@@Z)
Board.obj : error LNK2001: 无法解析的外部符号 "public: virtual class Sexy::Color const & __thiscall Sexy::Widget::GetColor(int)" (?GetColor@Widget@Sexy@@UAEABVColor@2@H@Z)
OptionsDialog.obj : error LNK2001: 无法解析的外部符号 "public: virtual class Sexy::Color const & __thiscall Sexy::Widget::GetColor(int)" (?GetColor@Widget@Sexy@@UAEABVColor@2@H@Z)
TitleScreen.obj : error LNK2001: 无法解析的外部符号 "public: virtual class Sexy::Color const & __thiscall Sexy::Widget::GetColor(int)" (?GetColor@Widget@Sexy@@UAEABVColor@2@H@Z)
Board.obj : error LNK2001: 无法解析的外部符号 "public: virtual class Sexy::Color __thiscall Sexy::Widget::GetColor(int,class Sexy::Color const &)" (?GetColor@Widget@Sexy@@UAE?AVColor@2@HABV32@@Z)
OptionsDialog.obj : error LNK2001: 无法解析的外部符号 "public: virtual class Sexy::Color __thiscall Sexy::Widget::GetColor(int,class Sexy::Color const &)" (?GetColor@Widget@Sexy@@UAE?AVColor@2@HABV32@@Z)
TitleScreen.obj : error LNK2001: 无法解析的外部符号 "public: virtual class Sexy::Color __thiscall Sexy::Widget::GetColor(int,class Sexy::Color const &)" (?GetColor@Widget@Sexy@@UAE?AVColor@2@HABV32@@Z)
Board.obj : error LNK2001: 无法解析的外部符号 "public: virtual void __thiscall Sexy::Widget::SetDisabled(bool)" (?SetDisabled@Widget@Sexy@@UAEX_N@Z)
OptionsDialog.obj : error LNK2001: 无法解析的外部符号 "public: virtual void __thiscall Sexy::Widget::SetDisabled(bool)" (?SetDisabled@Widget@Sexy@@UAEX_N@Z)
TitleScreen.obj : error LNK2001: 无法解析的外部符号 "public: virtual void __thiscall Sexy::Widget::SetDisabled(bool)" (?SetDisabled@Widget@Sexy@@UAEX_N@Z)
Board.obj : error LNK2001: 无法解析的外部符号 "public: virtual void __thiscall Sexy::Widget::ShowFinger(bool)" (?ShowFinger@Widget@Sexy@@UAEX_N@Z)
OptionsDialog.obj : error LNK2001: 无法解析的外部符号 "public: virtual void __thiscall Sexy::Widget::ShowFinger(bool)" (?ShowFinger@Widget@Sexy@@UAEX_N@Z)
TitleScreen.obj : error LNK2001: 无法解析的外部符号 "public: virtual void __thiscall Sexy::Widget::ShowFinger(bool)" (?ShowFinger@Widget@Sexy@@UAEX_N@Z)
Board.obj : error LNK2001: 无法解析的外部符号 "public: virtual void __thiscall Sexy::Widget::Resize(int,int,int,int)" (?Resize@Widget@Sexy@@UAEXHHHH@Z)
TitleScreen.obj : error LNK2001: 无法解析的外部符号 "public: virtual void __thiscall Sexy::Widget::Resize(int,int,int,int)" (?Resize@Widget@Sexy@@UAEXHHHH@Z)
Board.obj : error LNK2001: 无法解析的外部符号 "public: virtual void __thiscall Sexy::Widget::Resize(class Sexy::TRect<int> const &)" (?Resize@Widget@Sexy@@UAEXABV?$TRect@H@2@@Z)
OptionsDialog.obj : error LNK2001: 无法解析的外部符号 "public: virtual void __thiscall Sexy::Widget::Resize(class Sexy::TRect<int> const &)" (?Resize@Widget@Sexy@@UAEXABV?$TRect@H@2@@Z)
TitleScreen.obj : error LNK2001: 无法解析的外部符号 "public: virtual void __thiscall Sexy::Widget::Resize(class Sexy::TRect<int> const &)" (?Resize@Widget@Sexy@@UAEXABV?$TRect@H@2@@Z)
Board.obj : error LNK2001: 无法解析的外部符号 "public: virtual void __thiscall Sexy::Widget::Move(int,int)" (?Move@Widget@Sexy@@UAEXHH@Z)
OptionsDialog.obj : error LNK2001: 无法解析的外部符号 "public: virtual void __thiscall Sexy::Widget::Move(int,int)" (?Move@Widget@Sexy@@UAEXHH@Z)
TitleScreen.obj : error LNK2001: 无法解析的外部符号 "public: virtual void __thiscall Sexy::Widget::Move(int,int)" (?Move@Widget@Sexy@@UAEXHH@Z)
Board.obj : error LNK2001: 无法解析的外部符号 "public: virtual bool __thiscall Sexy::Widget::WantsFocus(void)" (?WantsFocus@Widget@Sexy@@UAE_NXZ)
OptionsDialog.obj : error LNK2001: 无法解析的外部符号 "public: virtual bool __thiscall Sexy::Widget::WantsFocus(void)" (?WantsFocus@Widget@Sexy@@UAE_NXZ)
TitleScreen.obj : error LNK2001: 无法解析的外部符号 "public: virtual bool __thiscall Sexy::Widget::WantsFocus(void)" (?WantsFocus@Widget@Sexy@@UAE_NXZ)
Board.obj : error LNK2001: 无法解析的外部符号 "public: virtual void __thiscall Sexy::Widget::DrawOverlay(class Sexy::Graphics *)" (?DrawOverlay@Widget@Sexy@@UAEXPAVGraphics@2@@Z)
OptionsDialog.obj : error LNK2001: 无法解析的外部符号 "public: virtual void __thiscall Sexy::Widget::DrawOverlay(class Sexy::Graphics *)" (?DrawOverlay@Widget@Sexy@@UAEXPAVGraphics@2@@Z)
TitleScreen.obj : error LNK2001: 无法解析的外部符号 "public: virtual void __thiscall Sexy::Widget::DrawOverlay(class Sexy::Graphics *)" (?DrawOverlay@Widget@Sexy@@UAEXPAVGraphics@2@@Z)
Board.obj : error LNK2001: 无法解析的外部符号 "public: virtual void __thiscall Sexy::Widget::DrawOverlay(class Sexy::Graphics *,int)" (?DrawOverlay@Widget@Sexy@@UAEXPAVGraphics@2@H@Z)
OptionsDialog.obj : error LNK2001: 无法解析的外部符号 "public: virtual void __thiscall Sexy::Widget::DrawOverlay(class Sexy::Graphics *,int)" (?DrawOverlay@Widget@Sexy@@UAEXPAVGraphics@2@H@Z)
TitleScreen.obj : error LNK2001: 无法解析的外部符号 "public: virtual void __thiscall Sexy::Widget::DrawOverlay(class Sexy::Graphics *,int)" (?DrawOverlay@Widget@Sexy@@UAEXPAVGraphics@2@H@Z)
Board.obj : error LNK2019: 无法解析的外部符号 "public: virtual void __thiscall Sexy::Widget::Update(void)" (?Update@Widget@Sexy@@UAEXXZ)，该符号在函数 "public: virtual void __thiscall Sexy::Board::Update(void)" (?Update@Board@Sexy@@UAEXXZ) 中被引用
TitleScreen.obj : error LNK2001: 无法解析的外部符号 "public: virtual void __thiscall Sexy::Widget::Update(void)" (?Update@Widget@Sexy@@UAEXXZ)
Board.obj : error LNK2001: 无法解析的外部符号 "public: virtual void __thiscall Sexy::Widget::GotFocus(void)" (?GotFocus@Widget@Sexy@@UAEXXZ)
OptionsDialog.obj : error LNK2001: 无法解析的外部符号 "public: virtual void __thiscall Sexy::Widget::GotFocus(void)" (?GotFocus@Widget@Sexy@@UAEXXZ)
TitleScreen.obj : error LNK2001: 无法解析的外部符号 "public: virtual void __thiscall Sexy::Widget::GotFocus(void)" (?GotFocus@Widget@Sexy@@UAEXXZ)
Board.obj : error LNK2001: 无法解析的外部符号 "public: virtual void __thiscall Sexy::Widget::LostFocus(void)" (?LostFocus@Widget@Sexy@@UAEXXZ)
OptionsDialog.obj : error LNK2001: 无法解析的外部符号 "public: virtual void __thiscall Sexy::Widget::LostFocus(void)" (?LostFocus@Widget@Sexy@@UAEXXZ)
TitleScreen.obj : error LNK2001: 无法解析的外部符号 "public: virtual void __thiscall Sexy::Widget::LostFocus(void)" (?LostFocus@Widget@Sexy@@UAEXXZ)
Board.obj : error LNK2001: 无法解析的外部符号 "public: virtual void __thiscall Sexy::Widget::KeyDown(enum Sexy::KeyCode)" (?KeyDown@Widget@Sexy@@UAEXW4KeyCode@2@@Z)
OptionsDialog.obj : error LNK2001: 无法解析的外部符号 "public: virtual void __thiscall Sexy::Widget::KeyDown(enum Sexy::KeyCode)" (?KeyDown@Widget@Sexy@@UAEXW4KeyCode@2@@Z)
TitleScreen.obj : error LNK2001: 无法解析的外部符号 "public: virtual void __thiscall Sexy::Widget::KeyDown(enum Sexy::KeyCode)" (?KeyDown@Widget@Sexy@@UAEXW4KeyCode@2@@Z)
Board.obj : error LNK2001: 无法解析的外部符号 "public: virtual void __thiscall Sexy::Widget::KeyUp(enum Sexy::KeyCode)" (?KeyUp@Widget@Sexy@@UAEXW4KeyCode@2@@Z)
OptionsDialog.obj : error LNK2001: 无法解析的外部符号 "public: virtual void __thiscall Sexy::Widget::KeyUp(enum Sexy::KeyCode)" (?KeyUp@Widget@Sexy@@UAEXW4KeyCode@2@@Z)
TitleScreen.obj : error LNK2001: 无法解析的外部符号 "public: virtual void __thiscall Sexy::Widget::KeyUp(enum Sexy::KeyCode)" (?KeyUp@Widget@Sexy@@UAEXW4KeyCode@2@@Z)
Board.obj : error LNK2001: 无法解析的外部符号 "public: virtual void __thiscall Sexy::Widget::MouseEnter(void)" (?MouseEnter@Widget@Sexy@@UAEXXZ)
OptionsDialog.obj : error LNK2001: 无法解析的外部符号 "public: virtual void __thiscall Sexy::Widget::MouseEnter(void)" (?MouseEnter@Widget@Sexy@@UAEXXZ)
TitleScreen.obj : error LNK2001: 无法解析的外部符号 "public: virtual void __thiscall Sexy::Widget::MouseEnter(void)" (?MouseEnter@Widget@Sexy@@UAEXXZ)
Board.obj : error LNK2001: 无法解析的外部符号 "public: virtual void __thiscall Sexy::Widget::MouseLeave(void)" (?MouseLeave@Widget@Sexy@@UAEXXZ)
OptionsDialog.obj : error LNK2001: 无法解析的外部符号 "public: virtual void __thiscall Sexy::Widget::MouseLeave(void)" (?MouseLeave@Widget@Sexy@@UAEXXZ)
TitleScreen.obj : error LNK2001: 无法解析的外部符号 "public: virtual void __thiscall Sexy::Widget::MouseLeave(void)" (?MouseLeave@Widget@Sexy@@UAEXXZ)
Board.obj : error LNK2001: 无法解析的外部符号 "public: virtual void __thiscall Sexy::Widget::MouseDown(int,int,int,int)" (?MouseDown@Widget@Sexy@@UAEXHHHH@Z)
TitleScreen.obj : error LNK2001: 无法解析的外部符号 "public: virtual void __thiscall Sexy::Widget::MouseDown(int,int,int,int)" (?MouseDown@Widget@Sexy@@UAEXHHHH@Z)
Board.obj : error LNK2001: 无法解析的外部符号 "public: virtual void __thiscall Sexy::Widget::MouseUp(int,int)" (?MouseUp@Widget@Sexy@@UAEXHH@Z)
OptionsDialog.obj : error LNK2001: 无法解析的外部符号 "public: virtual void __thiscall Sexy::Widget::MouseUp(int,int)" (?MouseUp@Widget@Sexy@@UAEXHH@Z)
TitleScreen.obj : error LNK2001: 无法解析的外部符号 "public: virtual void __thiscall Sexy::Widget::MouseUp(int,int)" (?MouseUp@Widget@Sexy@@UAEXHH@Z)
Board.obj : error LNK2001: 无法解析的外部符号 "public: virtual void __thiscall Sexy::Widget::MouseUp(int,int,int)" (?MouseUp@Widget@Sexy@@UAEXHHH@Z)
OptionsDialog.obj : error LNK2001: 无法解析的外部符号 "public: virtual void __thiscall Sexy::Widget::MouseUp(int,int,int)" (?MouseUp@Widget@Sexy@@UAEXHHH@Z)
TitleScreen.obj : error LNK2001: 无法解析的外部符号 "public: virtual void __thiscall Sexy::Widget::MouseUp(int,int,int)" (?MouseUp@Widget@Sexy@@UAEXHHH@Z)
Board.obj : error LNK2001: 无法解析的外部符号 "public: virtual void __thiscall Sexy::Widget::MouseUp(int,int,int,int)" (?MouseUp@Widget@Sexy@@UAEXHHHH@Z)
TitleScreen.obj : error LNK2001: 无法解析的外部符号 "public: virtual void __thiscall Sexy::Widget::MouseUp(int,int,int,int)" (?MouseUp@Widget@Sexy@@UAEXHHHH@Z)
Board.obj : error LNK2001: 无法解析的外部符号 "public: virtual void __thiscall Sexy::Widget::MouseWheel(int)" (?MouseWheel@Widget@Sexy@@UAEXH@Z)
OptionsDialog.obj : error LNK2001: 无法解析的外部符号 "public: virtual void __thiscall Sexy::Widget::MouseWheel(int)" (?MouseWheel@Widget@Sexy@@UAEXH@Z)
TitleScreen.obj : error LNK2001: 无法解析的外部符号 "public: virtual void __thiscall Sexy::Widget::MouseWheel(int)" (?MouseWheel@Widget@Sexy@@UAEXH@Z)
Board.obj : error LNK2001: 无法解析的外部符号 "public: virtual bool __thiscall Sexy::Widget::IsPointVisible(int,int)" (?IsPointVisible@Widget@Sexy@@UAE_NHH@Z)
OptionsDialog.obj : error LNK2001: 无法解析的外部符号 "public: virtual bool __thiscall Sexy::Widget::IsPointVisible(int,int)" (?IsPointVisible@Widget@Sexy@@UAE_NHH@Z)
TitleScreen.obj : error LNK2001: 无法解析的外部符号 "public: virtual bool __thiscall Sexy::Widget::IsPointVisible(int,int)" (?IsPointVisible@Widget@Sexy@@UAE_NHH@Z)
Board.obj : error LNK2001: 无法解析的外部符号 "public: virtual class Sexy::TRect<int> __thiscall Sexy::Widget::WriteCenteredLine(class Sexy::Graphics *,int,class std::basic_string<char,struct std::char_traits<char>,class std::allocator<char> > const &)" (?WriteCenteredLine@Widget@Sexy@@UAE?AV?$TRect@H@2@PAVGraphics@2@HABV?$basic_string@DU?$char_traits@D@std@@V?$allocator@D@2@@std@@@Z)
OptionsDialog.obj : error LNK2001: 无法解析的外部符号 "public: virtual class Sexy::TRect<int> __thiscall Sexy::Widget::WriteCenteredLine(class Sexy::Graphics *,int,class std::basic_string<char,struct std::char_traits<char>,class std::allocator<char> > const &)" (?WriteCenteredLine@Widget@Sexy@@UAE?AV?$TRect@H@2@PAVGraphics@2@HABV?$basic_string@DU?$char_traits@D@std@@V?$allocator@D@2@@std@@@Z)
TitleScreen.obj : error LNK2001: 无法解析的外部符号 "public: virtual class Sexy::TRect<int> __thiscall Sexy::Widget::WriteCenteredLine(class Sexy::Graphics *,int,class std::basic_string<char,struct std::char_traits<char>,class std::allocator<char> > const &)" (?WriteCenteredLine@Widget@Sexy@@UAE?AV?$TRect@H@2@PAVGraphics@2@HABV?$basic_string@DU?$char_traits@D@std@@V?$allocator@D@2@@std@@@Z)
Board.obj : error LNK2001: 无法解析的外部符号 "public: virtual class Sexy::TRect<int> __thiscall Sexy::Widget::WriteCenteredLine(class Sexy::Graphics *,int,class std::basic_string<char,struct std::char_traits<char>,class std::allocator<char> > const &,class Sexy::Color,class Sexy::Color,class Sexy::TPoint<int> const &)" (?WriteCenteredLine@Widget@Sexy@@UAE?AV?$TRect@H@2@PAVGraphics@2@HABV?$basic_string@DU?$char_traits@D@std@@V?$allocator@D@2@@std@@VColor@2@2ABV?$TPoint@H@2@@Z)
OptionsDialog.obj : error LNK2001: 无法解析的外部符号 "public: virtual class Sexy::TRect<int> __thiscall Sexy::Widget::WriteCenteredLine(class Sexy::Graphics *,int,class std::basic_string<char,struct std::char_traits<char>,class std::allocator<char> > const &,class Sexy::Color,class Sexy::Color,class Sexy::TPoint<int> const &)" (?WriteCenteredLine@Widget@Sexy@@UAE?AV?$TRect@H@2@PAVGraphics@2@HABV?$basic_string@DU?$char_traits@D@std@@V?$allocator@D@2@@std@@VColor@2@2ABV?$TPoint@H@2@@Z)
TitleScreen.obj : error LNK2001: 无法解析的外部符号 "public: virtual class Sexy::TRect<int> __thiscall Sexy::Widget::WriteCenteredLine(class Sexy::Graphics *,int,class std::basic_string<char,struct std::char_traits<char>,class std::allocator<char> > const &,class Sexy::Color,class Sexy::Color,class Sexy::TPoint<int> const &)" (?WriteCenteredLine@Widget@Sexy@@UAE?AV?$TRect@H@2@PAVGraphics@2@HABV?$basic_string@DU?$char_traits@D@std@@V?$allocator@D@2@@std@@VColor@2@2ABV?$TPoint@H@2@@Z)
Board.obj : error LNK2001: 无法解析的外部符号 "public: virtual int __thiscall Sexy::Widget::WriteString(class Sexy::Graphics *,class std::basic_string<char,struct std::char_traits<char>,class std::allocator<char> > const &,int,int,int,int,bool,int,int)" (?WriteString@Widget@Sexy@@UAEHPAVGraphics@2@ABV?$basic_string@DU?$char_traits@D@std@@V?$allocator@D@2@@std@@HHHH_NHH@Z)
OptionsDialog.obj : error LNK2001: 无法解析的外部符号 "public: virtual int __thiscall Sexy::Widget::WriteString(class Sexy::Graphics *,class std::basic_string<char,struct std::char_traits<char>,class std::allocator<char> > const &,int,int,int,int,bool,int,int)" (?WriteString@Widget@Sexy@@UAEHPAVGraphics@2@ABV?$basic_string@DU?$char_traits@D@std@@V?$allocator@D@2@@std@@HHHH_NHH@Z)
TitleScreen.obj : error LNK2001: 无法解析的外部符号 "public: virtual int __thiscall Sexy::Widget::WriteString(class Sexy::Graphics *,class std::basic_string<char,struct std::char_traits<char>,class std::allocator<char> > const &,int,int,int,int,bool,int,int)" (?WriteString@Widget@Sexy@@UAEHPAVGraphics@2@ABV?$basic_string@DU?$char_traits@D@std@@V?$allocator@D@2@@std@@HHHH_NHH@Z)
Board.obj : error LNK2001: 无法解析的外部符号 "public: virtual int __thiscall Sexy::Widget::WriteWordWrapped(class Sexy::Graphics *,class Sexy::TRect<int> const &,class std::basic_string<char,struct std::char_traits<char>,class std::allocator<char> > const &,int,int)" (?WriteWordWrapped@Widget@Sexy@@UAEHPAVGraphics@2@ABV?$TRect@H@2@ABV?$basic_string@DU?$char_traits@D@std@@V?$allocator@D@2@@std@@HH@Z)
OptionsDialog.obj : error LNK2001: 无法解析的外部符号 "public: virtual int __thiscall Sexy::Widget::WriteWordWrapped(class Sexy::Graphics *,class Sexy::TRect<int> const &,class std::basic_string<char,struct std::char_traits<char>,class std::allocator<char> > const &,int,int)" (?WriteWordWrapped@Widget@Sexy@@UAEHPAVGraphics@2@ABV?$TRect@H@2@ABV?$basic_string@DU?$char_traits@D@std@@V?$allocator@D@2@@std@@HH@Z)
TitleScreen.obj : error LNK2001: 无法解析的外部符号 "public: virtual int __thiscall Sexy::Widget::WriteWordWrapped(class Sexy::Graphics *,class Sexy::TRect<int> const &,class std::basic_string<char,struct std::char_traits<char>,class std::allocator<char> > const &,int,int)" (?WriteWordWrapped@Widget@Sexy@@UAEHPAVGraphics@2@ABV?$TRect@H@2@ABV?$basic_string@DU?$char_traits@D@std@@V?$allocator@D@2@@std@@HH@Z)
Board.obj : error LNK2001: 无法解析的外部符号 "public: virtual int __thiscall Sexy::Widget::GetWordWrappedHeight(class Sexy::Graphics *,int,class std::basic_string<char,struct std::char_traits<char>,class std::allocator<char> > const &,int)" (?GetWordWrappedHeight@Widget@Sexy@@UAEHPAVGraphics@2@HABV?$basic_string@DU?$char_traits@D@std@@V?$allocator@D@2@@std@@H@Z)
OptionsDialog.obj : error LNK2001: 无法解析的外部符号 "public: virtual int __thiscall Sexy::Widget::GetWordWrappedHeight(class Sexy::Graphics *,int,class std::basic_string<char,struct std::char_traits<char>,class std::allocator<char> > const &,int)" (?GetWordWrappedHeight@Widget@Sexy@@UAEHPAVGraphics@2@HABV?$basic_string@DU?$char_traits@D@std@@V?$allocator@D@2@@std@@H@Z)
TitleScreen.obj : error LNK2001: 无法解析的外部符号 "public: virtual int __thiscall Sexy::Widget::GetWordWrappedHeight(class Sexy::Graphics *,int,class std::basic_string<char,struct std::char_traits<char>,class std::allocator<char> > const &,int)" (?GetWordWrappedHeight@Widget@Sexy@@UAEHPAVGraphics@2@HABV?$basic_string@DU?$char_traits@D@std@@V?$allocator@D@2@@std@@H@Z)
Board.obj : error LNK2001: 无法解析的外部符号 "public: virtual int __thiscall Sexy::Widget::GetNumDigits(int)" (?GetNumDigits@Widget@Sexy@@UAEHH@Z)
OptionsDialog.obj : error LNK2001: 无法解析的外部符号 "public: virtual int __thiscall Sexy::Widget::GetNumDigits(int)" (?GetNumDigits@Widget@Sexy@@UAEHH@Z)
TitleScreen.obj : error LNK2001: 无法解析的外部符号 "public: virtual int __thiscall Sexy::Widget::GetNumDigits(int)" (?GetNumDigits@Widget@Sexy@@UAEHH@Z)
Board.obj : error LNK2001: 无法解析的外部符号 "public: virtual void __thiscall Sexy::Widget::WriteNumberFromStrip(class Sexy::Graphics *,int,int,int,class Sexy::Image *,int)" (?WriteNumberFromStrip@Widget@Sexy@@UAEXPAVGraphics@2@HHHPAVImage@2@H@Z)
OptionsDialog.obj : error LNK2001: 无法解析的外部符号 "public: virtual void __thiscall Sexy::Widget::WriteNumberFromStrip(class Sexy::Graphics *,int,int,int,class Sexy::Image *,int)" (?WriteNumberFromStrip@Widget@Sexy@@UAEXPAVGraphics@2@HHHPAVImage@2@H@Z)
TitleScreen.obj : error LNK2001: 无法解析的外部符号 "public: virtual void __thiscall Sexy::Widget::WriteNumberFromStrip(class Sexy::Graphics *,int,int,int,class Sexy::Image *,int)" (?WriteNumberFromStrip@Widget@Sexy@@UAEXPAVGraphics@2@HHHPAVImage@2@H@Z)
Board.obj : error LNK2001: 无法解析的外部符号 "public: virtual bool __thiscall Sexy::Widget::Contains(int,int)" (?Contains@Widget@Sexy@@UAE_NHH@Z)
OptionsDialog.obj : error LNK2001: 无法解析的外部符号 "public: virtual bool __thiscall Sexy::Widget::Contains(int,int)" (?Contains@Widget@Sexy@@UAE_NHH@Z)
TitleScreen.obj : error LNK2001: 无法解析的外部符号 "public: virtual bool __thiscall Sexy::Widget::Contains(int,int)" (?Contains@Widget@Sexy@@UAE_NHH@Z)
Board.obj : error LNK2001: 无法解析的外部符号 "public: virtual class Sexy::TRect<int> __thiscall Sexy::Widget::GetInsetRect(void)" (?GetInsetRect@Widget@Sexy@@UAE?AV?$TRect@H@2@XZ)
OptionsDialog.obj : error LNK2001: 无法解析的外部符号 "public: virtual class Sexy::TRect<int> __thiscall Sexy::Widget::GetInsetRect(void)" (?GetInsetRect@Widget@Sexy@@UAE?AV?$TRect@H@2@XZ)
TitleScreen.obj : error LNK2001: 无法解析的外部符号 "public: virtual class Sexy::TRect<int> __thiscall Sexy::Widget::GetInsetRect(void)" (?GetInsetRect@Widget@Sexy@@UAE?AV?$TRect@H@2@XZ)
Board.obj : error LNK2019: 无法解析的外部符号 "public: unsigned long __thiscall Sexy::SexyAppBase::HSLToRGB(int,int,int)" (?HSLToRGB@SexyAppBase@Sexy@@QAEKHHH@Z)，该符号在函数 "private: void __thiscall Sexy::Board::DrawGrid(class Sexy::Graphics *)" (?DrawGrid@Board@Sexy@@AAEXPAVGraphics@2@@Z) 中被引用
GameOverEffect.obj : error LNK2001: 无法解析的外部符号 "public: unsigned long __thiscall Sexy::SexyAppBase::HSLToRGB(int,int,int)" (?HSLToRGB@SexyAppBase@Sexy@@QAEKHHH@Z)
LevelupEffect.obj : error LNK2001: 无法解析的外部符号 "public: unsigned long __thiscall Sexy::SexyAppBase::HSLToRGB(int,int,int)" (?HSLToRGB@SexyAppBase@Sexy@@QAEKHHH@Z)
Board.obj : error LNK2019: 无法解析的外部符号 "public: bool __thiscall Sexy::SexyAppBase::Is3DAccelerated(void)" (?Is3DAccelerated@SexyAppBase@Sexy@@QAE_NXZ)，该符号在函数 "private: void __thiscall Sexy::Board::Beam1DrawHelper(class Sexy::Graphics *)" (?Beam1DrawHelper@Board@Sexy@@AAEXPAVGraphics@2@@Z) 中被引用
OptionsDialog.obj : error LNK2001: 无法解析的外部符号 "public: bool __thiscall Sexy::SexyAppBase::Is3DAccelerated(void)" (?Is3DAccelerated@SexyAppBase@Sexy@@QAE_NXZ)
Board.obj : error LNK2019: 无法解析的外部符号 "public: __thiscall Sexy::ButtonWidget::ButtonWidget(int,class Sexy::ButtonListener *)" (??0ButtonWidget@Sexy@@QAE@HPAVButtonListener@1@@Z)，该符号在函数 "public: virtual void __thiscall Sexy::Board::AddedToManager(class Sexy::WidgetManager *)" (?AddedToManager@Board@Sexy@@UAEXPAVWidgetManager@2@@Z) 中被引用
Board.obj : error LNK2001: 无法解析的外部符号 "public: static class Sexy::Color Sexy::Color::Black" (?Black@Color@Sexy@@2V12@A)
GameApp.obj : error LNK2001: 无法解析的外部符号 "public: static class Sexy::Color Sexy::Color::Black" (?Black@Color@Sexy@@2V12@A)
OptionsDialog.obj : error LNK2001: 无法解析的外部符号 "public: static class Sexy::Color Sexy::Color::Black" (?Black@Color@Sexy@@2V12@A)
TitleScreen.obj : error LNK2001: 无法解析的外部符号 "public: static class Sexy::Color Sexy::Color::Black" (?Black@Color@Sexy@@2V12@A)
Board.obj : error LNK2001: 无法解析的外部符号 "public: static class Sexy::Color Sexy::Color::White" (?White@Color@Sexy@@2V12@A)
GameOverEffect.obj : error LNK2001: 无法解析的外部符号 "public: static class Sexy::Color Sexy::Color::White" (?White@Color@Sexy@@2V12@A)
LevelupEffect.obj : error LNK2001: 无法解析的外部符号 "public: static class Sexy::Color Sexy::Color::White" (?White@Color@Sexy@@2V12@A)
TitleScreen.obj : error LNK2001: 无法解析的外部符号 "public: static class Sexy::Color Sexy::Color::White" (?White@Color@Sexy@@2V12@A)
Board.obj : error LNK2001: 无法解析的外部符号 "class Sexy::SexyAppBase * Sexy::gSexyAppBase" (?gSexyAppBase@Sexy@@3PAVSexyAppBase@1@A)
GameOverEffect.obj : error LNK2001: 无法解析的外部符号 "class Sexy::SexyAppBase * Sexy::gSexyAppBase" (?gSexyAppBase@Sexy@@3PAVSexyAppBase@1@A)
LevelupEffect.obj : error LNK2001: 无法解析的外部符号 "class Sexy::SexyAppBase * Sexy::gSexyAppBase" (?gSexyAppBase@Sexy@@3PAVSexyAppBase@1@A)
OptionsDialog.obj : error LNK2001: 无法解析的外部符号 "class Sexy::SexyAppBase * Sexy::gSexyAppBase" (?gSexyAppBase@Sexy@@3PAVSexyAppBase@1@A)
GameApp.obj : error LNK2001: 无法解析的外部符号 "protected: virtual bool __thiscall Sexy::SexyAppBase::Process(bool)" (?Process@SexyAppBase@Sexy@@MAE_N_N@Z)
GameApp.obj : error LNK2001: 无法解析的外部符号 "protected: virtual void __thiscall Sexy::SexyAppBase::UpdateFrames(void)" (?UpdateFrames@SexyAppBase@Sexy@@MAEXXZ)
GameApp.obj : error LNK2001: 无法解析的外部符号 "protected: virtual bool __thiscall Sexy::SexyAppBase::DoUpdateFrames(void)" (?DoUpdateFrames@SexyAppBase@Sexy@@MAE_NXZ)
GameApp.obj : error LNK2001: 无法解析的外部符号 "protected: virtual void __thiscall Sexy::SexyAppBase::DoUpdateFramesF(float)" (?DoUpdateFramesF@SexyAppBase@Sexy@@MAEXM@Z)
GameApp.obj : error LNK2001: 无法解析的外部符号 "protected: virtual void __thiscall Sexy::SexyAppBase::MakeWindow(void)" (?MakeWindow@SexyAppBase@Sexy@@MAEXXZ)
GameApp.obj : error LNK2001: 无法解析的外部符号 "protected: virtual void __thiscall Sexy::SexyAppBase::EnforceCursor(void)" (?EnforceCursor@SexyAppBase@Sexy@@MAEXXZ)
GameApp.obj : error LNK2001: 无法解析的外部符号 "protected: virtual void __thiscall Sexy::SexyAppBase::ReInitImages(void)" (?ReInitImages@SexyAppBase@Sexy@@MAEXXZ)
GameApp.obj : error LNK2001: 无法解析的外部符号 "protected: virtual void __thiscall Sexy::SexyAppBase::DeleteNativeImageData(void)" (?DeleteNativeImageData@SexyAppBase@Sexy@@MAEXXZ)
GameApp.obj : error LNK2001: 无法解析的外部符号 "protected: virtual void __thiscall Sexy::SexyAppBase::DeleteExtraImageData(void)" (?DeleteExtraImageData@SexyAppBase@Sexy@@MAEXXZ)
GameApp.obj : error LNK2019: 无法解析的外部符号 "protected: virtual void __thiscall Sexy::SexyAppBase::LoadingThreadCompleted(void)" (?LoadingThreadCompleted@SexyAppBase@Sexy@@MAEXXZ)，该符号在函数 "public: virtual void __thiscall Sexy::GameApp::LoadingThreadCompleted(void)" (?LoadingThreadCompleted@GameApp@Sexy@@UAEXXZ) 中被引用
GameApp.obj : error LNK2019: 无法解析的外部符号 "public: __thiscall Sexy::SexyAppBase::SexyAppBase(void)" (??0SexyAppBase@Sexy@@QAE@XZ)，该符号在函数 "public: __thiscall Sexy::GameApp::GameApp(void)" (??0GameApp@Sexy@@QAE@XZ) 中被引用
GameApp.obj : error LNK2019: 无法解析的外部符号 "public: virtual __thiscall Sexy::SexyAppBase::~SexyAppBase(void)" (??1SexyAppBase@Sexy@@UAE@XZ)，该符号在函数 "public: virtual __thiscall Sexy::GameApp::~GameApp(void)" (??1GameApp@Sexy@@UAE@XZ) 中被引用
GameApp.obj : error LNK2001: 无法解析的外部符号 "public: virtual class Sexy::MusicInterface * __thiscall Sexy::SexyAppBase::CreateMusicInterface(struct HWND__ *)" (?CreateMusicInterface@SexyAppBase@Sexy@@UAEPAVMusicInterface@2@PAUHWND__@@@Z)
GameApp.obj : error LNK2001: 无法解析的外部符号 "public: virtual void __thiscall Sexy::SexyAppBase::InitHook(void)" (?InitHook@SexyAppBase@Sexy@@UAEXXZ)
GameApp.obj : error LNK2001: 无法解析的外部符号 "public: virtual void __thiscall Sexy::SexyAppBase::ShutdownHook(void)" (?ShutdownHook@SexyAppBase@Sexy@@UAEXXZ)
GameApp.obj : error LNK2001: 无法解析的外部符号 "public: virtual void __thiscall Sexy::SexyAppBase::PreTerminate(void)" (?PreTerminate@SexyAppBase@Sexy@@UAEXXZ)
GameApp.obj : error LNK2001: 无法解析的外部符号 "public: virtual void __thiscall Sexy::SexyAppBase::WriteToRegistry(void)" (?WriteToRegistry@SexyAppBase@Sexy@@UAEXXZ)
GameApp.obj : error LNK2001: 无法解析的外部符号 "public: virtual void __thiscall Sexy::SexyAppBase::ReadFromRegistry(void)" (?ReadFromRegistry@SexyAppBase@Sexy@@UAEXXZ)
GameApp.obj : error LNK2001: 无法解析的外部符号 "public: virtual void __thiscall Sexy::SexyAppBase::PreDisplayHook(void)" (?PreDisplayHook@SexyAppBase@Sexy@@UAEXXZ)
GameApp.obj : error LNK2001: 无法解析的外部符号 "public: virtual void __thiscall Sexy::SexyAppBase::BeginPopup(void)" (?BeginPopup@SexyAppBase@Sexy@@UAEXXZ)
GameApp.obj : error LNK2001: 无法解析的外部符号 "public: virtual void __thiscall Sexy::SexyAppBase::EndPopup(void)" (?EndPopup@SexyAppBase@Sexy@@UAEXXZ)
GameApp.obj : error LNK2001: 无法解析的外部符号 "public: virtual int __thiscall Sexy::SexyAppBase::MsgBox(class std::basic_string<char,struct std::char_traits<char>,class std::allocator<char> > const &,class std::basic_string<char,struct std::char_traits<char>,class std::allocator<char> > const &,int)" (?MsgBox@SexyAppBase@Sexy@@UAEHABV?$basic_string@DU?$char_traits@D@std@@V?$allocator@D@2@@std@@0H@Z)
GameApp.obj : error LNK2001: 无法解析的外部符号 "public: virtual int __thiscall Sexy::SexyAppBase::MsgBox(class std::basic_string<wchar_t,struct std::char_traits<wchar_t>,class std::allocator<wchar_t> > const &,class std::basic_string<wchar_t,struct std::char_traits<wchar_t>,class std::allocator<wchar_t> > const &,int)" (?MsgBox@SexyAppBase@Sexy@@UAEHABV?$basic_string@_WU?$char_traits@_W@std@@V?$allocator@_W@2@@std@@0H@Z)
GameApp.obj : error LNK2001: 无法解析的外部符号 "public: virtual void __thiscall Sexy::SexyAppBase::Popup(class std::basic_string<char,struct std::char_traits<char>,class std::allocator<char> > const &)" (?Popup@SexyAppBase@Sexy@@UAEXABV?$basic_string@DU?$char_traits@D@std@@V?$allocator@D@2@@std@@@Z)
GameApp.obj : error LNK2001: 无法解析的外部符号 "public: virtual void __thiscall Sexy::SexyAppBase::Popup(class std::basic_string<wchar_t,struct std::char_traits<wchar_t>,class std::allocator<wchar_t> > const &)" (?Popup@SexyAppBase@Sexy@@UAEXABV?$basic_string@_WU?$char_traits@_W@std@@V?$allocator@_W@2@@std@@@Z)
GameApp.obj : error LNK2001: 无法解析的外部符号 "public: virtual void __thiscall Sexy::SexyAppBase::LogScreenSaverError(class std::basic_string<char,struct std::char_traits<char>,class std::allocator<char> > const &)" (?LogScreenSaverError@SexyAppBase@Sexy@@UAEXABV?$basic_string@DU?$char_traits@D@std@@V?$allocator@D@2@@std@@@Z)
GameApp.obj : error LNK2001: 无法解析的外部符号 "public: virtual void __thiscall Sexy::SexyAppBase::SafeDeleteWidget(class Sexy::Widget *)" (?SafeDeleteWidget@SexyAppBase@Sexy@@UAEXPAVWidget@2@@Z)
GameApp.obj : error LNK2001: 无法解析的外部符号 "public: virtual void __thiscall Sexy::SexyAppBase::URLOpenFailed(class std::basic_string<char,struct std::char_traits<char>,class std::allocator<char> > const &)" (?URLOpenFailed@SexyAppBase@Sexy@@UAEXABV?$basic_string@DU?$char_traits@D@std@@V?$allocator@D@2@@std@@@Z)
GameApp.obj : error LNK2001: 无法解析的外部符号 "public: virtual void __thiscall Sexy::SexyAppBase::URLOpenSucceeded(class std::basic_string<char,struct std::char_traits<char>,class std::allocator<char> > const &)" (?URLOpenSucceeded@SexyAppBase@Sexy@@UAEXABV?$basic_string@DU?$char_traits@D@std@@V?$allocator@D@2@@std@@@Z)
GameApp.obj : error LNK2001: 无法解析的外部符号 "public: virtual bool __thiscall Sexy::SexyAppBase::OpenURL(class std::basic_string<char,struct std::char_traits<char>,class std::allocator<char> > const &,bool)" (?OpenURL@SexyAppBase@Sexy@@UAE_NABV?$basic_string@DU?$char_traits@D@std@@V?$allocator@D@2@@std@@_N@Z)
GameApp.obj : error LNK2001: 无法解析的外部符号 "public: virtual class std::basic_string<char,struct std::char_traits<char>,class std::allocator<char> > __thiscall Sexy::SexyAppBase::GetProductVersion(class std::basic_string<char,struct std::char_traits<char>,class std::allocator<char> > const &)" (?GetProductVersion@SexyAppBase@Sexy@@UAE?AV?$basic_string@DU?$char_traits@D@std@@V?$allocator@D@2@@std@@ABV34@@Z)
GameApp.obj : error LNK2001: 无法解析的外部符号 "public: virtual void __thiscall Sexy::SexyAppBase::SEHOccured(void)" (?SEHOccured@SexyAppBase@Sexy@@UAEXXZ)
GameApp.obj : error LNK2001: 无法解析的外部符号 "public: virtual class std::basic_string<char,struct std::char_traits<char>,class std::allocator<char> > __thiscall Sexy::SexyAppBase::GetGameSEHInfo(void)" (?GetGameSEHInfo@SexyAppBase@Sexy@@UAE?AV?$basic_string@DU?$char_traits@D@std@@V?$allocator@D@2@@std@@XZ)
GameApp.obj : error LNK2001: 无法解析的外部符号 "public: virtual void __thiscall Sexy::SexyAppBase::GetSEHWebParams(class std::map<class std::basic_string<char,struct std::char_traits<char>,class std::allocator<char> >,class std::basic_string<char,struct std::char_traits<char>,class std::allocator<char> >,struct std::less<class std::basic_string<char,struct std::char_traits<char>,class std::allocator<char> > >,class std::allocator<struct std::pair<class std::basic_string<char,struct std::char_traits<char>,class std::allocator<char> > const ,class std::basic_string<char,struct std::char_traits<char>,class std::allocator<char> > > > > *)" (?GetSEHWebParams@SexyAppBase@Sexy@@UAEXPAV?$map@V?$basic_string@DU?$char_traits@D@std@@V?$allocator@D@2@@std@@V12@U?$less@V?$basic_string@DU?$char_traits@D@std@@V?$allocator@D@2@@std@@@2@V?$allocator@U?$pair@$$CBV?$basic_string@DU?$char_traits@D@std@@V?$allocator@D@2@@std@@V12@@std@@@2@@std@@@Z)
GameApp.obj : error LNK2001: 无法解析的外部符号 "public: virtual void __thiscall Sexy::SexyAppBase::Shutdown(void)" (?Shutdown@SexyAppBase@Sexy@@UAEXXZ)
GameApp.obj : error LNK2001: 无法解析的外部符号 "public: virtual void __thiscall Sexy::SexyAppBase::DoParseCmdLine(void)" (?DoParseCmdLine@SexyAppBase@Sexy@@UAEXXZ)
GameApp.obj : error LNK2001: 无法解析的外部符号 "public: virtual void __thiscall Sexy::SexyAppBase::ParseCmdLine(class std::basic_string<char,struct std::char_traits<char>,class std::allocator<char> > const &)" (?ParseCmdLine@SexyAppBase@Sexy@@UAEXABV?$basic_string@DU?$char_traits@D@std@@V?$allocator@D@2@@std@@@Z)
GameApp.obj : error LNK2001: 无法解析的外部符号 "public: virtual void __thiscall Sexy::SexyAppBase::HandleCmdLineParam(class std::basic_string<char,struct std::char_traits<char>,class std::allocator<char> > const &,class std::basic_string<char,struct std::char_traits<char>,class std::allocator<char> > const &)" (?HandleCmdLineParam@SexyAppBase@Sexy@@UAEXABV?$basic_string@DU?$char_traits@D@std@@V?$allocator@D@2@@std@@0@Z)
GameApp.obj : error LNK2001: 无法解析的外部符号 "public: virtual void __thiscall Sexy::SexyAppBase::HandleNotifyGameMessage(int,int)" (?HandleNotifyGameMessage@SexyAppBase@Sexy@@UAEXHH@Z)
GameApp.obj : error LNK2001: 无法解析的外部符号 "public: virtual void __thiscall Sexy::SexyAppBase::HandleGameAlreadyRunning(void)" (?HandleGameAlreadyRunning@SexyAppBase@Sexy@@UAEXXZ)
GameApp.obj : error LNK2001: 无法解析的外部符号 "public: virtual void __thiscall Sexy::SexyAppBase::Start(void)" (?Start@SexyAppBase@Sexy@@UAEXXZ)
GameApp.obj : error LNK2019: 无法解析的外部符号 "public: virtual void __thiscall Sexy::SexyAppBase::Init(void)" (?Init@SexyAppBase@Sexy@@UAEXXZ)，该符号在函数 "public: virtual void __thiscall Sexy::GameApp::Init(void)" (?Init@GameApp@Sexy@@UAEXXZ) 中被引用
GameApp.obj : error LNK2001: 无法解析的外部符号 "public: virtual void __thiscall Sexy::SexyAppBase::PreDDInterfaceInitHook(void)" (?PreDDInterfaceInitHook@SexyAppBase@Sexy@@UAEXXZ)
GameApp.obj : error LNK2001: 无法解析的外部符号 "public: virtual void __thiscall Sexy::SexyAppBase::PostDDInterfaceInitHook(void)" (?PostDDInterfaceInitHook@SexyAppBase@Sexy@@UAEXXZ)
GameApp.obj : error LNK2001: 无法解析的外部符号 "public: virtual bool __thiscall Sexy::SexyAppBase::ChangeDirHook(char const *)" (?ChangeDirHook@SexyAppBase@Sexy@@UAE_NPBD@Z)
GameApp.obj : error LNK2019: 无法解析的外部符号 "public: virtual void __thiscall Sexy::SexyAppBase::PlaySample(int)" (?PlaySample@SexyAppBase@Sexy@@UAEXH@Z)，该符号在函数 "public: virtual void __thiscall Sexy::GameApp::PlaySample(int)" (?PlaySample@GameApp@Sexy@@UAEXH@Z) 中被引用
GameApp.obj : error LNK2001: 无法解析的外部符号 "public: virtual void __thiscall Sexy::SexyAppBase::PlaySample(int,int)" (?PlaySample@SexyAppBase@Sexy@@UAEXHH@Z)
GameApp.obj : error LNK2001: 无法解析的外部符号 "public: virtual double __thiscall Sexy::SexyAppBase::GetMasterVolume(void)" (?GetMasterVolume@SexyAppBase@Sexy@@UAENXZ)
GameApp.obj : error LNK2001: 无法解析的外部符号 "public: virtual double __thiscall Sexy::SexyAppBase::GetMusicVolume(void)" (?GetMusicVolume@SexyAppBase@Sexy@@UAENXZ)
GameApp.obj : error LNK2001: 无法解析的外部符号 "public: virtual double __thiscall Sexy::SexyAppBase::GetSfxVolume(void)" (?GetSfxVolume@SexyAppBase@Sexy@@UAENXZ)
GameApp.obj : error LNK2001: 无法解析的外部符号 "public: virtual bool __thiscall Sexy::SexyAppBase::IsMuted(void)" (?IsMuted@SexyAppBase@Sexy@@UAE_NXZ)
GameApp.obj : error LNK2001: 无法解析的外部符号 "public: virtual void __thiscall Sexy::SexyAppBase::SetMasterVolume(double)" (?SetMasterVolume@SexyAppBase@Sexy@@UAEXN@Z)
GameApp.obj : error LNK2001: 无法解析的外部符号 "public: virtual void __thiscall Sexy::SexyAppBase::SetMusicVolume(double)" (?SetMusicVolume@SexyAppBase@Sexy@@UAEXN@Z)
GameApp.obj : error LNK2001: 无法解析的外部符号 "public: virtual void __thiscall Sexy::SexyAppBase::SetSfxVolume(double)" (?SetSfxVolume@SexyAppBase@Sexy@@UAEXN@Z)
GameApp.obj : error LNK2001: 无法解析的外部符号 "public: virtual void __thiscall Sexy::SexyAppBase::Mute(bool)" (?Mute@SexyAppBase@Sexy@@UAEX_N@Z)
GameApp.obj : error LNK2001: 无法解析的外部符号 "public: virtual void __thiscall Sexy::SexyAppBase::Unmute(bool)" (?Unmute@SexyAppBase@Sexy@@UAEX_N@Z)
GameApp.obj : error LNK2001: 无法解析的外部符号 "public: virtual double __thiscall Sexy::SexyAppBase::GetLoadingThreadProgress(void)" (?GetLoadingThreadProgress@SexyAppBase@Sexy@@UAENXZ)
GameApp.obj : error LNK2001: 无法解析的外部符号 "public: virtual class Sexy::DDImage * __thiscall Sexy::SexyAppBase::GetImage(class std::basic_string<char,struct std::char_traits<char>,class std::allocator<char> > const &,bool)" (?GetImage@SexyAppBase@Sexy@@UAEPAVDDImage@2@ABV?$basic_string@DU?$char_traits@D@std@@V?$allocator@D@2@@std@@_N@Z)
GameApp.obj : error LNK2001: 无法解析的外部符号 "public: virtual class Sexy::SharedImageRef __thiscall Sexy::SexyAppBase::GetSharedImage(class std::basic_string<char,struct std::char_traits<char>,class std::allocator<char> > const &,class std::basic_string<char,struct std::char_traits<char>,class std::allocator<char> > const &,bool *)" (?GetSharedImage@SexyAppBase@Sexy@@UAE?AVSharedImageRef@2@ABV?$basic_string@DU?$char_traits@D@std@@V?$allocator@D@2@@std@@0PA_N@Z)
GameApp.obj : error LNK2019: 无法解析的外部符号 "public: void __thiscall Sexy::SexyAppBase::SetCursorImage(int,class Sexy::Image *)" (?SetCursorImage@SexyAppBase@Sexy@@QAEXHPAVImage@2@@Z)，该符号在函数 "public: virtual void __thiscall Sexy::GameApp::Init(void)" (?Init@GameApp@Sexy@@UAEXXZ) 中被引用
GameApp.obj : error LNK2001: 无法解析的外部符号 "public: virtual void __thiscall Sexy::SexyAppBase::SwitchScreenMode(void)" (?SwitchScreenMode@SexyAppBase@Sexy@@UAEXXZ)
GameApp.obj : error LNK2001: 无法解析的外部符号 "public: virtual void __thiscall Sexy::SexyAppBase::SwitchScreenMode(bool)" (?SwitchScreenMode@SexyAppBase@Sexy@@UAEX_N@Z)
GameApp.obj : error LNK2001: 无法解析的外部符号 "public: virtual void __thiscall Sexy::SexyAppBase::SwitchScreenMode(bool,bool,bool)" (?SwitchScreenMode@SexyAppBase@Sexy@@UAEX_N00@Z)
GameApp.obj : error LNK2001: 无法解析的外部符号 "public: virtual void __thiscall Sexy::SexyAppBase::SetAlphaDisabled(bool)" (?SetAlphaDisabled@SexyAppBase@Sexy@@UAEX_N@Z)
GameApp.obj : error LNK2001: 无法解析的外部符号 "public: virtual class Sexy::Dialog * __thiscall Sexy::SexyAppBase::DoDialog(int,bool,class std::basic_string<char,struct std::char_traits<char>,class std::allocator<char> > const &,class std::basic_string<char,struct std::char_traits<char>,class std::allocator<char> > const &,class std::basic_string<char,struct std::char_traits<char>,class std::allocator<char> > const &,int)" (?DoDialog@SexyAppBase@Sexy@@UAEPAVDialog@2@H_NABV?$basic_string@DU?$char_traits@D@std@@V?$allocator@D@2@@std@@11H@Z)
GameApp.obj : error LNK2001: 无法解析的外部符号 "public: virtual class Sexy::Dialog * __thiscall Sexy::SexyAppBase::GetDialog(int)" (?GetDialog@SexyAppBase@Sexy@@UAEPAVDialog@2@H@Z)
GameApp.obj : error LNK2001: 无法解析的外部符号 "public: virtual void __thiscall Sexy::SexyAppBase::AddDialog(int,class Sexy::Dialog *)" (?AddDialog@SexyAppBase@Sexy@@UAEXHPAVDialog@2@@Z)
GameApp.obj : error LNK2001: 无法解析的外部符号 "public: virtual void __thiscall Sexy::SexyAppBase::AddDialog(class Sexy::Dialog *)" (?AddDialog@SexyAppBase@Sexy@@UAEXPAVDialog@2@@Z)
GameApp.obj : error LNK2001: 无法解析的外部符号 "public: virtual bool __thiscall Sexy::SexyAppBase::KillDialog(int,bool,bool)" (?KillDialog@SexyAppBase@Sexy@@UAE_NH_N0@Z)
GameApp.obj : error LNK2001: 无法解析的外部符号 "public: virtual bool __thiscall Sexy::SexyAppBase::KillDialog(int)" (?KillDialog@SexyAppBase@Sexy@@UAE_NH@Z)
GameApp.obj : error LNK2001: 无法解析的外部符号 "public: virtual bool __thiscall Sexy::SexyAppBase::KillDialog(class Sexy::Dialog *)" (?KillDialog@SexyAppBase@Sexy@@UAE_NPAVDialog@2@@Z)
GameApp.obj : error LNK2001: 无法解析的外部符号 "public: virtual int __thiscall Sexy::SexyAppBase::GetDialogCount(void)" (?GetDialogCount@SexyAppBase@Sexy@@UAEHXZ)
GameApp.obj : error LNK2001: 无法解析的外部符号 "public: virtual void __thiscall Sexy::SexyAppBase::ModalOpen(void)" (?ModalOpen@SexyAppBase@Sexy@@UAEXXZ)
GameApp.obj : error LNK2001: 无法解析的外部符号 "public: virtual void __thiscall Sexy::SexyAppBase::ModalClose(void)" (?ModalClose@SexyAppBase@Sexy@@UAEXXZ)
GameApp.obj : error LNK2001: 无法解析的外部符号 "public: virtual void __thiscall Sexy::SexyAppBase::DialogButtonPress(int,int)" (?DialogButtonPress@SexyAppBase@Sexy@@UAEXHH@Z)
GameApp.obj : error LNK2001: 无法解析的外部符号 "public: virtual void __thiscall Sexy::SexyAppBase::DialogButtonDepress(int,int)" (?DialogButtonDepress@SexyAppBase@Sexy@@UAEXHH@Z)
GameApp.obj : error LNK2019: 无法解析的外部符号 "public: virtual void __thiscall Sexy::SexyAppBase::GotFocus(void)" (?GotFocus@SexyAppBase@Sexy@@UAEXXZ)，该符号在函数 "public: virtual void __thiscall Sexy::GameApp::GotFocus(void)" (?GotFocus@GameApp@Sexy@@UAEXXZ) 中被引用
GameApp.obj : error LNK2019: 无法解析的外部符号 "public: virtual void __thiscall Sexy::SexyAppBase::LostFocus(void)" (?LostFocus@SexyAppBase@Sexy@@UAEXXZ)，该符号在函数 "public: virtual void __thiscall Sexy::GameApp::LostFocus(void)" (?LostFocus@GameApp@Sexy@@UAEXXZ) 中被引用
GameApp.obj : error LNK2001: 无法解析的外部符号 "public: virtual bool __thiscall Sexy::SexyAppBase::IsAltKeyUsed(unsigned int)" (?IsAltKeyUsed@SexyAppBase@Sexy@@UAE_NI@Z)
GameApp.obj : error LNK2001: 无法解析的外部符号 "public: virtual bool __thiscall Sexy::SexyAppBase::DebugKeyDown(int)" (?DebugKeyDown@SexyAppBase@Sexy@@UAE_NH@Z)
GameApp.obj : error LNK2001: 无法解析的外部符号 "public: virtual bool __thiscall Sexy::SexyAppBase::DebugKeyDownAsync(int,bool,bool)" (?DebugKeyDownAsync@SexyAppBase@Sexy@@UAE_NH_N0@Z)
GameApp.obj : error LNK2001: 无法解析的外部符号 "public: virtual void __thiscall Sexy::SexyAppBase::CloseRequestAsync(void)" (?CloseRequestAsync@SexyAppBase@Sexy@@UAEXXZ)
GameApp.obj : error LNK2001: 无法解析的外部符号 "public: virtual void __thiscall Sexy::SexyAppBase::Done3dTesting(void)" (?Done3dTesting@SexyAppBase@Sexy@@UAEXXZ)
GameApp.obj : error LNK2001: 无法解析的外部符号 "public: virtual class std::basic_string<char,struct std::char_traits<char>,class std::allocator<char> > __thiscall Sexy::SexyAppBase::NotifyCrashHook(void)" (?NotifyCrashHook@SexyAppBase@Sexy@@UAE?AV?$basic_string@DU?$char_traits@D@std@@V?$allocator@D@2@@std@@XZ)
GameApp.obj : error LNK2001: 无法解析的外部符号 "public: virtual bool __thiscall Sexy::SexyAppBase::CheckSignature(class Sexy::Buffer const &,class std::basic_string<char,struct std::char_traits<char>,class std::allocator<char> > const &)" (?CheckSignature@SexyAppBase@Sexy@@UAE_NABVBuffer@2@ABV?$basic_string@DU?$char_traits@D@std@@V?$allocator@D@2@@std@@@Z)
GameApp.obj : error LNK2001: 无法解析的外部符号 "public: virtual bool __thiscall Sexy::SexyAppBase::DrawDirtyStuff(void)" (?DrawDirtyStuff@SexyAppBase@Sexy@@UAE_NXZ)
GameApp.obj : error LNK2001: 无法解析的外部符号 "public: virtual void __thiscall Sexy::SexyAppBase::Redraw(class Sexy::TRect<int> *)" (?Redraw@SexyAppBase@Sexy@@UAEXPAV?$TRect@H@2@@Z)
GameApp.obj : error LNK2001: 无法解析的外部符号 "public: virtual void __thiscall Sexy::SexyAppBase::InitPropertiesHook(void)" (?InitPropertiesHook@SexyAppBase@Sexy@@UAEXXZ)
GameApp.obj : error LNK2019: 无法解析的外部符号 "public: void __thiscall Sexy::SexyAppBase::LoadResourceManifest(void)" (?LoadResourceManifest@SexyAppBase@Sexy@@QAEXXZ)，该符号在函数 "public: virtual void __thiscall Sexy::GameApp::Init(void)" (?Init@GameApp@Sexy@@UAEXXZ) 中被引用
GameApp.obj : error LNK2019: 无法解析的外部符号 "public: void __thiscall Sexy::SexyAppBase::ShowResourceError(bool)" (?ShowResourceError@SexyAppBase@Sexy@@QAEX_N@Z)，该符号在函数 "public: virtual void __thiscall Sexy::GameApp::Init(void)" (?Init@GameApp@Sexy@@UAEXXZ) 中被引用
GameApp.obj : error LNK2001: 无法解析的外部符号 "public: virtual void __thiscall Sexy::SexyAppBase::DoMainLoop(void)" (?DoMainLoop@SexyAppBase@Sexy@@UAEXXZ)
GameApp.obj : error LNK2001: 无法解析的外部符号 "public: virtual bool __thiscall Sexy::SexyAppBase::UpdateAppStep(bool *)" (?UpdateAppStep@SexyAppBase@Sexy@@UAE_NPA_N@Z)
GameApp.obj : error LNK2001: 无法解析的外部符号 "public: virtual bool __thiscall Sexy::SexyAppBase::UpdateApp(void)" (?UpdateApp@SexyAppBase@Sexy@@UAE_NXZ)
GameApp.obj : error LNK2001: 无法解析的外部符号 "public: virtual bool __thiscall Sexy::SexyAppBase::AppCanRestore(void)" (?AppCanRestore@SexyAppBase@Sexy@@UAE_NXZ)
GameApp.obj : error LNK2019: 无法解析的外部符号 "public: __thiscall Sexy::Dialog::Dialog(class Sexy::Image *,class Sexy::Image *,int,bool,class std::basic_string<char,struct std::char_traits<char>,class std::allocator<char> > const &,class std::basic_string<char,struct std::char_traits<char>,class std::allocator<char> > const &,class std::basic_string<char,struct std::char_traits<char>,class std::allocator<char> > const &,int)" (??0Dialog@Sexy@@QAE@PAVImage@1@0H_NABV?$basic_string@DU?$char_traits@D@std@@V?$allocator@D@2@@std@@22H@Z)，该符号在函数 "public: virtual class Sexy::Dialog * __thiscall Sexy::GameApp::NewDialog(int,bool,class std::basic_string<char,struct std::char_traits<char>,class std::allocator<char> > const &,class std::basic_string<char,struct std::char_traits<char>,class std::allocator<char> > const &,class std::basic_string<char,struct std::char_traits<char>,class std::allocator<char> > const &,int)" (?NewDialog@GameApp@Sexy@@UAEPAVDialog@2@H_NABV?$basic_string@DU?$char_traits@D@std@@V?$allocator@D@2@@std@@11H@Z) 中被引用
OptionsDialog.obj : error LNK2001: 无法解析的外部符号 "public: __thiscall Sexy::Dialog::Dialog(class Sexy::Image *,class Sexy::Image *,int,bool,class std::basic_string<char,struct std::char_traits<char>,class std::allocator<char> > const &,class std::basic_string<char,struct std::char_traits<char>,class std::allocator<char> > const &,class std::basic_string<char,struct std::char_traits<char>,class std::allocator<char> > const &,int)" (??0Dialog@Sexy@@QAE@PAVImage@1@0H_NABV?$basic_string@DU?$char_traits@D@std@@V?$allocator@D@2@@std@@22H@Z)
GameApp.obj : error LNK2019: 无法解析的外部符号 "public: bool __thiscall Sexy::ResourceManager::HadError(void)" (?HadError@ResourceManager@Sexy@@QAE_NXZ)，该符号在函数 "public: virtual void __thiscall Sexy::GameApp::LoadingThreadProc(void)" (?LoadingThreadProc@GameApp@Sexy@@UAEXXZ) 中被引用
GameApp.obj : error LNK2019: 无法解析的外部符号 "public: int __thiscall Sexy::ResourceManager::GetNumResources(class std::basic_string<char,struct std::char_traits<char>,class std::allocator<char> > const &)" (?GetNumResources@ResourceManager@Sexy@@QAEHABV?$basic_string@DU?$char_traits@D@std@@V?$allocator@D@2@@std@@@Z)，该符号在函数 "public: virtual void __thiscall Sexy::GameApp::Init(void)" (?Init@GameApp@Sexy@@UAEXXZ) 中被引用
main.obj : error LNK2001: 无法解析的外部符号 "struct HINSTANCE__ * Sexy::gHInstance" (?gHInstance@Sexy@@3PAUHINSTANCE__@@A)
OptionsDialog.obj : error LNK2019: 无法解析的外部符号 "public: __thiscall Sexy::Insets::Insets(int,int,int,int)" (??0Insets@Sexy@@QAE@HHHH@Z)，该符号在函数 "public: __thiscall Sexy::OptionsDialog::OptionsDialog(class Sexy::Board *)" (??0OptionsDialog@Sexy@@QAE@PAVBoard@1@@Z) 中被引用
OptionsDialog.obj : error LNK2001: 无法解析的外部符号 "public: virtual void __thiscall Sexy::Widget::UpdateF(float)" (?UpdateF@Widget@Sexy@@UAEXM@Z)
TitleScreen.obj : error LNK2001: 无法解析的外部符号 "public: virtual void __thiscall Sexy::Widget::UpdateF(float)" (?UpdateF@Widget@Sexy@@UAEXM@Z)
OptionsDialog.obj : error LNK2001: 无法解析的外部符号 "public: virtual void __thiscall Sexy::Widget::KeyChar(char)" (?KeyChar@Widget@Sexy@@UAEXD@Z)
TitleScreen.obj : error LNK2001: 无法解析的外部符号 "public: virtual void __thiscall Sexy::Widget::KeyChar(char)" (?KeyChar@Widget@Sexy@@UAEXD@Z)
OptionsDialog.obj : error LNK2001: 无法解析的外部符号 "public: virtual void __thiscall Sexy::Widget::MouseMove(int,int)" (?MouseMove@Widget@Sexy@@UAEXHH@Z)
TitleScreen.obj : error LNK2001: 无法解析的外部符号 "public: virtual void __thiscall Sexy::Widget::MouseMove(int,int)" (?MouseMove@Widget@Sexy@@UAEXHH@Z)
OptionsDialog.obj : error LNK2019: 无法解析的外部符号 "public: virtual void __thiscall Sexy::Widget::MouseDown(int,int,int)" (?MouseDown@Widget@Sexy@@UAEXHHH@Z)，该符号在函数 "public: virtual void __thiscall Sexy::Dialog::MouseDown(int,int,int)" (?MouseDown@Dialog@Sexy@@UAEXHHH@Z) 中被引用
TitleScreen.obj : error LNK2001: 无法解析的外部符号 "public: virtual void __thiscall Sexy::Widget::MouseDown(int,int,int)" (?MouseDown@Widget@Sexy@@UAEXHHH@Z)
OptionsDialog.obj : error LNK2019: 无法解析的外部符号 "public: void __thiscall Sexy::Widget::Layout(int,class Sexy::Widget *,int,int,int,int)" (?Layout@Widget@Sexy@@QAEXHPAV12@HHHH@Z)，该符号在函数 "public: virtual void __thiscall Sexy::OptionsDialog::Resize(int,int,int,int)" (?Resize@OptionsDialog@Sexy@@UAEXHHHH@Z) 中被引用
OptionsDialog.obj : error LNK2019: 无法解析的外部符号 "public: virtual __thiscall Sexy::Dialog::~Dialog(void)" (??1Dialog@Sexy@@UAE@XZ)，该符号在函数 "public: virtual __thiscall Sexy::OptionsDialog::~OptionsDialog(void)" (??1OptionsDialog@Sexy@@UAE@XZ) 中被引用
OptionsDialog.obj : error LNK2019: 无法解析的外部符号 "public: virtual void __thiscall Sexy::Dialog::SetButtonFont(class Sexy::Font *)" (?SetButtonFont@Dialog@Sexy@@UAEXPAVFont@2@@Z)，该符号在函数 "public: __thiscall Sexy::OptionsDialog::OptionsDialog(class Sexy::Board *)" (??0OptionsDialog@Sexy@@QAE@PAVBoard@1@@Z) 中被引用
OptionsDialog.obj : error LNK2019: 无法解析的外部符号 "public: virtual void __thiscall Sexy::Dialog::SetHeaderFont(class Sexy::Font *)" (?SetHeaderFont@Dialog@Sexy@@UAEXPAVFont@2@@Z)，该符号在函数 "public: __thiscall Sexy::OptionsDialog::OptionsDialog(class Sexy::Board *)" (??0OptionsDialog@Sexy@@QAE@PAVBoard@1@@Z) 中被引用
OptionsDialog.obj : error LNK2019: 无法解析的外部符号 "public: virtual void __thiscall Sexy::Dialog::SetLinesFont(class Sexy::Font *)" (?SetLinesFont@Dialog@Sexy@@UAEXPAVFont@2@@Z)，该符号在函数 "public: __thiscall Sexy::OptionsDialog::OptionsDialog(class Sexy::Board *)" (??0OptionsDialog@Sexy@@QAE@PAVBoard@1@@Z) 中被引用
OptionsDialog.obj : error LNK2019: 无法解析的外部符号 "public: virtual void __thiscall Sexy::Dialog::SetColor(int,class Sexy::Color const &)" (?SetColor@Dialog@Sexy@@UAEXHABVColor@2@@Z)，该符号在函数 "public: __thiscall Sexy::OptionsDialog::OptionsDialog(class Sexy::Board *)" (??0OptionsDialog@Sexy@@QAE@PAVBoard@1@@Z) 中被引用
OptionsDialog.obj : error LNK2001: 无法解析的外部符号 "public: virtual int __thiscall Sexy::Dialog::GetPreferredHeight(int)" (?GetPreferredHeight@Dialog@Sexy@@UAEHH@Z)
OptionsDialog.obj : error LNK2019: 无法解析的外部符号 "public: virtual void __thiscall Sexy::Dialog::Draw(class Sexy::Graphics *)" (?Draw@Dialog@Sexy@@UAEXPAVGraphics@2@@Z)，该符号在函数 "public: virtual void __thiscall Sexy::OptionsDialog::Draw(class Sexy::Graphics *)" (?Draw@OptionsDialog@Sexy@@UAEXPAVGraphics@2@@Z) 中被引用
OptionsDialog.obj : error LNK2019: 无法解析的外部符号 "public: virtual void __thiscall Sexy::Dialog::AddedToManager(class Sexy::WidgetManager *)" (?AddedToManager@Dialog@Sexy@@UAEXPAVWidgetManager@2@@Z)，该符号在函数 "public: virtual void __thiscall Sexy::OptionsDialog::AddedToManager(class Sexy::WidgetManager *)" (?AddedToManager@OptionsDialog@Sexy@@UAEXPAVWidgetManager@2@@Z) 中被引用
OptionsDialog.obj : error LNK2019: 无法解析的外部符号 "public: virtual void __thiscall Sexy::Dialog::RemovedFromManager(class Sexy::WidgetManager *)" (?RemovedFromManager@Dialog@Sexy@@UAEXPAVWidgetManager@2@@Z)，该符号在函数 "public: virtual void __thiscall Sexy::OptionsDialog::RemovedFromManager(class Sexy::WidgetManager *)" (?RemovedFromManager@OptionsDialog@Sexy@@UAEXPAVWidgetManager@2@@Z) 中被引用
OptionsDialog.obj : error LNK2001: 无法解析的外部符号 "public: virtual void __thiscall Sexy::Dialog::OrderInManagerChanged(void)" (?OrderInManagerChanged@Dialog@Sexy@@UAEXXZ)
OptionsDialog.obj : error LNK2019: 无法解析的外部符号 "public: virtual void __thiscall Sexy::Dialog::Resize(int,int,int,int)" (?Resize@Dialog@Sexy@@UAEXHHHH@Z)，该符号在函数 "public: virtual void __thiscall Sexy::OptionsDialog::Resize(int,int,int,int)" (?Resize@OptionsDialog@Sexy@@UAEXHHHH@Z) 中被引用
OptionsDialog.obj : error LNK2001: 无法解析的外部符号 "public: virtual void __thiscall Sexy::Dialog::MouseDown(int,int,int,int)" (?MouseDown@Dialog@Sexy@@UAEXHHHH@Z)
OptionsDialog.obj : error LNK2001: 无法解析的外部符号 "public: virtual void __thiscall Sexy::Dialog::MouseDrag(int,int)" (?MouseDrag@Dialog@Sexy@@UAEXHH@Z)
OptionsDialog.obj : error LNK2001: 无法解析的外部符号 "public: virtual void __thiscall Sexy::Dialog::MouseUp(int,int,int,int)" (?MouseUp@Dialog@Sexy@@UAEXHHHH@Z)
OptionsDialog.obj : error LNK2001: 无法解析的外部符号 "public: virtual void __thiscall Sexy::Dialog::Update(void)" (?Update@Dialog@Sexy@@UAEXXZ)
OptionsDialog.obj : error LNK2001: 无法解析的外部符号 "public: virtual bool __thiscall Sexy::Dialog::IsModal(void)" (?IsModal@Dialog@Sexy@@UAE_NXZ)
OptionsDialog.obj : error LNK2001: 无法解析的外部符号 "public: virtual int __thiscall Sexy::Dialog::WaitForResult(bool)" (?WaitForResult@Dialog@Sexy@@UAEH_N@Z)
OptionsDialog.obj : error LNK2001: 无法解析的外部符号 "public: virtual void __thiscall Sexy::Dialog::ButtonPress(int)" (?ButtonPress@Dialog@Sexy@@UAEXH@Z)
OptionsDialog.obj : error LNK2019: 无法解析的外部符号 "public: virtual void __thiscall Sexy::Dialog::ButtonDepress(int)" (?ButtonDepress@Dialog@Sexy@@UAEXH@Z)，该符号在函数 "public: virtual void __thiscall Sexy::OptionsDialog::ButtonDepress(int)" (?ButtonDepress@OptionsDialog@Sexy@@UAEXH@Z) 中被引用
OptionsDialog.obj : error LNK2001: 无法解析的外部符号 "public: virtual void __thiscall Sexy::Dialog::ButtonDownTick(int)" (?ButtonDownTick@Dialog@Sexy@@UAEXH@Z)
OptionsDialog.obj : error LNK2019: 无法解析的外部符号 "public: void __thiscall Sexy::SexyAppBase::EnableCustomCursors(bool)" (?EnableCustomCursors@SexyAppBase@Sexy@@QAEX_N@Z)，该符号在函数 "public: virtual void __thiscall Sexy::OptionsDialog::ButtonDepress(int)" (?ButtonDepress@OptionsDialog@Sexy@@UAEXH@Z) 中被引用
OptionsDialog.obj : error LNK2019: 无法解析的外部符号 "public: bool __thiscall Sexy::SexyAppBase::Is3DAccelerationSupported(void)" (?Is3DAccelerationSupported@SexyAppBase@Sexy@@QAE_NXZ)，该符号在函数 "public: virtual void __thiscall Sexy::OptionsDialog::CheckboxChecked(int,bool)" (?CheckboxChecked@OptionsDialog@Sexy@@UAEXH_N@Z) 中被引用
OptionsDialog.obj : error LNK2019: 无法解析的外部符号 "public: bool __thiscall Sexy::SexyAppBase::Is3DAccelerationRecommended(void)" (?Is3DAccelerationRecommended@SexyAppBase@Sexy@@QAE_NXZ)，该符号在函数 "public: virtual void __thiscall Sexy::OptionsDialog::CheckboxChecked(int,bool)" (?CheckboxChecked@OptionsDialog@Sexy@@UAEXH_N@Z) 中被引用
OptionsDialog.obj : error LNK2019: 无法解析的外部符号 "public: __thiscall Sexy::DialogButton::DialogButton(class Sexy::Image *,int,class Sexy::ButtonListener *)" (??0DialogButton@Sexy@@QAE@PAVImage@1@HPAVButtonListener@1@@Z)，该符号在函数 "public: __thiscall Sexy::OptionsDialog::OptionsDialog(class Sexy::Board *)" (??0OptionsDialog@Sexy@@QAE@PAVBoard@1@@Z) 中被引用
OptionsDialog.obj : error LNK2019: 无法解析的外部符号 "public: __thiscall Sexy::Checkbox::Checkbox(class Sexy::Image *,class Sexy::Image *,int,class Sexy::CheckboxListener *)" (??0Checkbox@Sexy@@QAE@PAVImage@1@0HPAVCheckboxListener@1@@Z)，该符号在函数 "public: __thiscall Sexy::OptionsDialog::OptionsDialog(class Sexy::Board *)" (??0OptionsDialog@Sexy@@QAE@PAVBoard@1@@Z) 中被引用
OptionsDialog.obj : error LNK2019: 无法解析的外部符号 "public: __thiscall Sexy::Slider::Slider(class Sexy::Image *,class Sexy::Image *,int,class Sexy::SliderListener *)" (??0Slider@Sexy@@QAE@PAVImage@1@0HPAVSliderListener@1@@Z)，该符号在函数 "public: __thiscall Sexy::OptionsDialog::OptionsDialog(class Sexy::Board *)" (??0OptionsDialog@Sexy@@QAE@PAVBoard@1@@Z) 中被引用
TitleScreen.obj : error LNK2001: 无法解析的外部符号 "public: virtual void __thiscall Sexy::Widget::MouseDrag(int,int)" (?MouseDrag@Widget@Sexy@@UAEXHH@Z)
TitleScreen.obj : error LNK2019: 无法解析的外部符号 "public: __thiscall Sexy::HyperlinkWidget::HyperlinkWidget(int,class Sexy::ButtonListener *)" (??0HyperlinkWidget@Sexy@@QAE@HPAVButtonListener@1@@Z)，该符号在函数 "public: void __thiscall Sexy::TitleScreen::Init(void)" (?Init@TitleScreen@Sexy@@QAEXXZ) 中被引用
Debug\../../Hun-garr.exe : fatal error LNK1120: 233 个无法解析的外部命令
