g:\popcap_framework_v1.3\osframework\source\demos\hun-garr\debug\vc140.pdb
g:\popcap_framework_v1.3\osframework\source\demos\hun-garr\debug\res.sbr
g:\popcap_framework_v1.3\osframework\source\demos\hun-garr\debug\board.sbr
g:\popcap_framework_v1.3\osframework\source\demos\hun-garr\debug\gameapp.sbr
g:\popcap_framework_v1.3\osframework\source\demos\hun-garr\debug\gameovereffect.sbr
g:\popcap_framework_v1.3\osframework\source\demos\hun-garr\debug\levelupeffect.sbr
g:\popcap_framework_v1.3\osframework\source\demos\hun-garr\debug\main.sbr
g:\popcap_framework_v1.3\osframework\source\demos\hun-garr\debug\optionsdialog.sbr
g:\popcap_framework_v1.3\osframework\source\demos\hun-garr\debug\titlescreen.sbr
g:\popcap_framework_v1.3\osframework\source\demos\hun-garr\debug\titlescreen.obj
g:\popcap_framework_v1.3\osframework\source\demos\hun-garr\debug\optionsdialog.obj
g:\popcap_framework_v1.3\osframework\source\demos\hun-garr\debug\main.obj
g:\popcap_framework_v1.3\osframework\source\demos\hun-garr\debug\levelupeffect.obj
g:\popcap_framework_v1.3\osframework\source\demos\hun-garr\debug\gameovereffect.obj
g:\popcap_framework_v1.3\osframework\source\demos\hun-garr\debug\gameapp.obj
g:\popcap_framework_v1.3\osframework\source\demos\hun-garr\debug\board.obj
g:\popcap_framework_v1.3\osframework\source\demos\hun-garr\debug\res.obj
d:\gameframework\popcap_framework_v1.3\osframework\source\demos\hun-garr\debug\board.obj
d:\gameframework\popcap_framework_v1.3\osframework\source\demos\hun-garr\debug\gameapp.obj
d:\gameframework\popcap_framework_v1.3\osframework\source\demos\hun-garr\debug\gameovereffect.obj
d:\gameframework\popcap_framework_v1.3\osframework\source\demos\hun-garr\debug\levelupeffect.obj
d:\gameframework\popcap_framework_v1.3\osframework\source\demos\hun-garr\debug\main.obj
d:\gameframework\popcap_framework_v1.3\osframework\source\demos\hun-garr\debug\optionsdialog.obj
d:\gameframework\popcap_framework_v1.3\osframework\source\demos\hun-garr\debug\res.obj
d:\gameframework\popcap_framework_v1.3\osframework\source\demos\hun-garr\debug\titlescreen.obj
d:\gameframework\popcap_framework_v1.3\osframework\source\demos\hun-garr\debug\hun-garr.pdb
d:\gameframework\popcap_framework_v1.3\osframework\source\demos\hun-garr\debug\vc140.pdb
d:\gameframework\popcap_framework_v1.3\osframework\source\demos\hun-garr\debug\board.sbr
d:\gameframework\popcap_framework_v1.3\osframework\source\demos\hun-garr\debug\gameapp.sbr
d:\gameframework\popcap_framework_v1.3\osframework\source\demos\hun-garr\debug\gameovereffect.sbr
d:\gameframework\popcap_framework_v1.3\osframework\source\demos\hun-garr\debug\levelupeffect.sbr
d:\gameframework\popcap_framework_v1.3\osframework\source\demos\hun-garr\debug\main.sbr
d:\gameframework\popcap_framework_v1.3\osframework\source\demos\hun-garr\debug\optionsdialog.sbr
d:\gameframework\popcap_framework_v1.3\osframework\source\demos\hun-garr\debug\res.sbr
d:\gameframework\popcap_framework_v1.3\osframework\source\demos\hun-garr\debug\titlescreen.sbr
d:\gameframework\popcap_framework_v1.3\osframework\source\demos\hun-garr\debug\hun-garr.tlog\cl.command.1.tlog
d:\gameframework\popcap_framework_v1.3\osframework\source\demos\hun-garr\debug\hun-garr.tlog\cl.read.1.tlog
d:\gameframework\popcap_framework_v1.3\osframework\source\demos\hun-garr\debug\hun-garr.tlog\cl.write.1.tlog
d:\gameframework\popcap_framework_v1.3\osframework\source\demos\hun-garr\debug\hun-garr.tlog\link-cvtres.read.1.tlog
d:\gameframework\popcap_framework_v1.3\osframework\source\demos\hun-garr\debug\hun-garr.tlog\link-cvtres.write.1.tlog
d:\gameframework\popcap_framework_v1.3\osframework\source\demos\hun-garr\debug\hun-garr.tlog\link-rc.read.1.tlog
d:\gameframework\popcap_framework_v1.3\osframework\source\demos\hun-garr\debug\hun-garr.tlog\link-rc.write.1.tlog
d:\gameframework\popcap_framework_v1.3\osframework\source\demos\hun-garr\debug\hun-garr.tlog\link.command.1.tlog
d:\gameframework\popcap_framework_v1.3\osframework\source\demos\hun-garr\debug\hun-garr.tlog\link.read.1.tlog
d:\gameframework\popcap_framework_v1.3\osframework\source\demos\hun-garr\debug\hun-garr.tlog\link.write.1.tlog
