d:\gameframework\popcap_framework_v1.3\osframework\source\demos\debug\demo1.bsc
d:\gameframework\popcap_framework_v1.3\osframework\source\demos\demo1\debug\vc141.pdb
d:\gameframework\popcap_framework_v1.3\osframework\source\demos\demo1\debug\board.sbr
d:\gameframework\popcap_framework_v1.3\osframework\source\demos\demo1\debug\gameapp.sbr
d:\gameframework\popcap_framework_v1.3\osframework\source\demos\demo1\debug\main.sbr
d:\gameframework\popcap_framework_v1.3\osframework\source\demos\demo1\debug\main.obj
d:\gameframework\popcap_framework_v1.3\osframework\source\demos\demo1\debug\gameapp.obj
d:\gameframework\popcap_framework_v1.3\osframework\source\demos\demo1\debug\board.obj
d:\gameframework\popcap_framework_v1.3\osframework\source\demos\demo1\board.exe
d:\gameframework\popcap_framework_v1.3\osframework\source\demos\demo1\demo1.map
d:\gameframework\popcap_framework_v1.3\osframework\source\demos\debug\demo1.pdb
d:\gameframework\popcap_framework_v1.3\osframework\source\demos\demo1\debug\demo1.tlog\bscmake.command.1.tlog
d:\gameframework\popcap_framework_v1.3\osframework\source\demos\demo1\debug\demo1.tlog\bscmake.read.1.tlog
d:\gameframework\popcap_framework_v1.3\osframework\source\demos\demo1\debug\demo1.tlog\bscmake.write.1.tlog
d:\gameframework\popcap_framework_v1.3\osframework\source\demos\demo1\debug\demo1.tlog\cl.command.1.tlog
d:\gameframework\popcap_framework_v1.3\osframework\source\demos\demo1\debug\demo1.tlog\cl.read.1.tlog
d:\gameframework\popcap_framework_v1.3\osframework\source\demos\demo1\debug\demo1.tlog\cl.write.1.tlog
d:\gameframework\popcap_framework_v1.3\osframework\source\demos\demo1\debug\demo1.tlog\link.command.1.tlog
d:\gameframework\popcap_framework_v1.3\osframework\source\demos\demo1\debug\demo1.tlog\link.read.1.tlog
d:\gameframework\popcap_framework_v1.3\osframework\source\demos\demo1\debug\demo1.tlog\link.write.1.tlog
