g:\popcap_framework_v1.3\osframework\source\demos\xmldemo\debug\vc140.pdb
g:\popcap_framework_v1.3\osframework\source\demos\xmldemo\debug\res.sbr
g:\popcap_framework_v1.3\osframework\source\demos\xmldemo\debug\board.sbr
g:\popcap_framework_v1.3\osframework\source\demos\xmldemo\debug\main.sbr
g:\popcap_framework_v1.3\osframework\source\demos\xmldemo\debug\xmldemoapp.sbr
g:\popcap_framework_v1.3\osframework\source\demos\xmldemo\debug\xmldemoapp.obj
g:\popcap_framework_v1.3\osframework\source\demos\xmldemo\debug\main.obj
g:\popcap_framework_v1.3\osframework\source\demos\xmldemo\debug\board.obj
g:\popcap_framework_v1.3\osframework\source\demos\xmldemo\debug\res.obj
d:\gameframework\popcap_framework_v1.3\osframework\source\demos\xmldemo\debug\board.obj
d:\gameframework\popcap_framework_v1.3\osframework\source\demos\xmldemo\debug\main.obj
d:\gameframework\popcap_framework_v1.3\osframework\source\demos\xmldemo\debug\res.obj
d:\gameframework\popcap_framework_v1.3\osframework\source\demos\xmldemo\debug\xmldemoapp.obj
d:\gameframework\popcap_framework_v1.3\osframework\source\demos\xmldemo\debug\vc140.pdb
d:\gameframework\popcap_framework_v1.3\osframework\source\demos\xmldemo\debug\xmldemo.pdb
d:\gameframework\popcap_framework_v1.3\osframework\source\demos\xmldemo\debug\board.sbr
d:\gameframework\popcap_framework_v1.3\osframework\source\demos\xmldemo\debug\main.sbr
d:\gameframework\popcap_framework_v1.3\osframework\source\demos\xmldemo\debug\res.sbr
d:\gameframework\popcap_framework_v1.3\osframework\source\demos\xmldemo\debug\xmldemoapp.sbr
d:\gameframework\popcap_framework_v1.3\osframework\source\demos\xmldemo\debug\xmldemo.tlog\cl.command.1.tlog
d:\gameframework\popcap_framework_v1.3\osframework\source\demos\xmldemo\debug\xmldemo.tlog\cl.read.1.tlog
d:\gameframework\popcap_framework_v1.3\osframework\source\demos\xmldemo\debug\xmldemo.tlog\cl.write.1.tlog
d:\gameframework\popcap_framework_v1.3\osframework\source\demos\xmldemo\debug\xmldemo.tlog\link-cvtres.read.1.tlog
d:\gameframework\popcap_framework_v1.3\osframework\source\demos\xmldemo\debug\xmldemo.tlog\link-cvtres.write.1.tlog
d:\gameframework\popcap_framework_v1.3\osframework\source\demos\xmldemo\debug\xmldemo.tlog\link-rc.read.1.tlog
d:\gameframework\popcap_framework_v1.3\osframework\source\demos\xmldemo\debug\xmldemo.tlog\link-rc.write.1.tlog
d:\gameframework\popcap_framework_v1.3\osframework\source\demos\xmldemo\debug\xmldemo.tlog\link.command.1.tlog
d:\gameframework\popcap_framework_v1.3\osframework\source\demos\xmldemo\debug\xmldemo.tlog\link.read.1.tlog
d:\gameframework\popcap_framework_v1.3\osframework\source\demos\xmldemo\debug\xmldemo.tlog\link.write.1.tlog
