g:\popcap_framework_v1.3\osframework\source\demos\v12demo\debug\vc140.pdb
g:\popcap_framework_v1.3\osframework\source\demos\v12demo\debug\res.sbr
g:\popcap_framework_v1.3\osframework\source\demos\v12demo\debug\board.sbr
g:\popcap_framework_v1.3\osframework\source\demos\v12demo\debug\demowidget.sbr
g:\popcap_framework_v1.3\osframework\source\demos\v12demo\debug\main.sbr
g:\popcap_framework_v1.3\osframework\source\demos\v12demo\debug\v12demoapp.sbr
g:\popcap_framework_v1.3\osframework\source\demos\v12demo\debug\v12demoapp.obj
g:\popcap_framework_v1.3\osframework\source\demos\v12demo\debug\main.obj
g:\popcap_framework_v1.3\osframework\source\demos\v12demo\debug\demowidget.obj
g:\popcap_framework_v1.3\osframework\source\demos\v12demo\debug\board.obj
g:\popcap_framework_v1.3\osframework\source\demos\v12demo\debug\res.obj
d:\gameframework\popcap_framework_v1.3\osframework\source\demos\v12demo\debug\board.obj
d:\gameframework\popcap_framework_v1.3\osframework\source\demos\v12demo\debug\demowidget.obj
d:\gameframework\popcap_framework_v1.3\osframework\source\demos\v12demo\debug\main.obj
d:\gameframework\popcap_framework_v1.3\osframework\source\demos\v12demo\debug\res.obj
d:\gameframework\popcap_framework_v1.3\osframework\source\demos\v12demo\debug\v12demoapp.obj
d:\gameframework\popcap_framework_v1.3\osframework\source\demos\v12demo\debug\v12demo.pdb
d:\gameframework\popcap_framework_v1.3\osframework\source\demos\v12demo\debug\vc140.pdb
d:\gameframework\popcap_framework_v1.3\osframework\source\demos\v12demo\debug\board.sbr
d:\gameframework\popcap_framework_v1.3\osframework\source\demos\v12demo\debug\demowidget.sbr
d:\gameframework\popcap_framework_v1.3\osframework\source\demos\v12demo\debug\main.sbr
d:\gameframework\popcap_framework_v1.3\osframework\source\demos\v12demo\debug\res.sbr
d:\gameframework\popcap_framework_v1.3\osframework\source\demos\v12demo\debug\v12demoapp.sbr
d:\gameframework\popcap_framework_v1.3\osframework\source\demos\v12demo\debug\v12demo.tlog\cl.command.1.tlog
d:\gameframework\popcap_framework_v1.3\osframework\source\demos\v12demo\debug\v12demo.tlog\cl.read.1.tlog
d:\gameframework\popcap_framework_v1.3\osframework\source\demos\v12demo\debug\v12demo.tlog\cl.write.1.tlog
d:\gameframework\popcap_framework_v1.3\osframework\source\demos\v12demo\debug\v12demo.tlog\link-cvtres.read.1.tlog
d:\gameframework\popcap_framework_v1.3\osframework\source\demos\v12demo\debug\v12demo.tlog\link-cvtres.write.1.tlog
d:\gameframework\popcap_framework_v1.3\osframework\source\demos\v12demo\debug\v12demo.tlog\link-rc.read.1.tlog
d:\gameframework\popcap_framework_v1.3\osframework\source\demos\v12demo\debug\v12demo.tlog\link-rc.write.1.tlog
d:\gameframework\popcap_framework_v1.3\osframework\source\demos\v12demo\debug\v12demo.tlog\link.command.1.tlog
d:\gameframework\popcap_framework_v1.3\osframework\source\demos\v12demo\debug\v12demo.tlog\link.read.1.tlog
d:\gameframework\popcap_framework_v1.3\osframework\source\demos\v12demo\debug\v12demo.tlog\link.write.1.tlog
