g:\popcap_framework_v1.3\osframework\source\demos\demo2\debug\vc140.pdb
g:\popcap_framework_v1.3\osframework\source\demos\demo2\debug\board.sbr
g:\popcap_framework_v1.3\osframework\source\demos\demo2\debug\gameapp.sbr
g:\popcap_framework_v1.3\osframework\source\demos\demo2\debug\main.sbr
g:\popcap_framework_v1.3\osframework\source\demos\demo2\debug\main.obj
g:\popcap_framework_v1.3\osframework\source\demos\demo2\debug\gameapp.obj
g:\popcap_framework_v1.3\osframework\source\demos\demo2\debug\board.obj
d:\gameframework\popcap_framework_v1.3\osframework\source\demos\demo2\debug\board.obj
d:\gameframework\popcap_framework_v1.3\osframework\source\demos\demo2\debug\gameapp.obj
d:\gameframework\popcap_framework_v1.3\osframework\source\demos\demo2\debug\main.obj
d:\gameframework\popcap_framework_v1.3\osframework\source\demos\demo2\debug\demo2.pdb
d:\gameframework\popcap_framework_v1.3\osframework\source\demos\demo2\debug\vc140.pdb
d:\gameframework\popcap_framework_v1.3\osframework\source\demos\demo2\debug\board.sbr
d:\gameframework\popcap_framework_v1.3\osframework\source\demos\demo2\debug\gameapp.sbr
d:\gameframework\popcap_framework_v1.3\osframework\source\demos\demo2\debug\main.sbr
d:\gameframework\popcap_framework_v1.3\osframework\source\demos\demo2\debug\demo2.tlog\cl.command.1.tlog
d:\gameframework\popcap_framework_v1.3\osframework\source\demos\demo2\debug\demo2.tlog\cl.read.1.tlog
d:\gameframework\popcap_framework_v1.3\osframework\source\demos\demo2\debug\demo2.tlog\cl.write.1.tlog
d:\gameframework\popcap_framework_v1.3\osframework\source\demos\demo2\debug\demo2.tlog\link-cvtres.read.1.tlog
d:\gameframework\popcap_framework_v1.3\osframework\source\demos\demo2\debug\demo2.tlog\link-cvtres.write.1.tlog
d:\gameframework\popcap_framework_v1.3\osframework\source\demos\demo2\debug\demo2.tlog\link-rc.read.1.tlog
d:\gameframework\popcap_framework_v1.3\osframework\source\demos\demo2\debug\demo2.tlog\link-rc.write.1.tlog
d:\gameframework\popcap_framework_v1.3\osframework\source\demos\demo2\debug\demo2.tlog\link.command.1.tlog
d:\gameframework\popcap_framework_v1.3\osframework\source\demos\demo2\debug\demo2.tlog\link.read.1.tlog
d:\gameframework\popcap_framework_v1.3\osframework\source\demos\demo2\debug\demo2.tlog\link.write.1.tlog
