g:\popcap_framework_v1.3\osframework\source\demos\demo3\debug\vc140.pdb
g:\popcap_framework_v1.3\osframework\source\demos\demo3\debug\board.sbr
g:\popcap_framework_v1.3\osframework\source\demos\demo3\debug\gameapp.sbr
g:\popcap_framework_v1.3\osframework\source\demos\demo3\debug\main.sbr
g:\popcap_framework_v1.3\osframework\source\demos\demo3\debug\main.obj
g:\popcap_framework_v1.3\osframework\source\demos\demo3\debug\gameapp.obj
g:\popcap_framework_v1.3\osframework\source\demos\demo3\debug\board.obj
d:\gameframework\popcap_framework_v1.3\osframework\source\demos\demo3\debug\board.obj
d:\gameframework\popcap_framework_v1.3\osframework\source\demos\demo3\debug\gameapp.obj
d:\gameframework\popcap_framework_v1.3\osframework\source\demos\demo3\debug\main.obj
d:\gameframework\popcap_framework_v1.3\osframework\source\demos\demo3\debug\demo3.pdb
d:\gameframework\popcap_framework_v1.3\osframework\source\demos\demo3\debug\vc140.pdb
d:\gameframework\popcap_framework_v1.3\osframework\source\demos\demo3\debug\board.sbr
d:\gameframework\popcap_framework_v1.3\osframework\source\demos\demo3\debug\gameapp.sbr
d:\gameframework\popcap_framework_v1.3\osframework\source\demos\demo3\debug\main.sbr
d:\gameframework\popcap_framework_v1.3\osframework\source\demos\demo3\debug\demo3.tlog\cl.command.1.tlog
d:\gameframework\popcap_framework_v1.3\osframework\source\demos\demo3\debug\demo3.tlog\cl.read.1.tlog
d:\gameframework\popcap_framework_v1.3\osframework\source\demos\demo3\debug\demo3.tlog\cl.write.1.tlog
d:\gameframework\popcap_framework_v1.3\osframework\source\demos\demo3\debug\demo3.tlog\link-cvtres.read.1.tlog
d:\gameframework\popcap_framework_v1.3\osframework\source\demos\demo3\debug\demo3.tlog\link-cvtres.write.1.tlog
d:\gameframework\popcap_framework_v1.3\osframework\source\demos\demo3\debug\demo3.tlog\link-rc.read.1.tlog
d:\gameframework\popcap_framework_v1.3\osframework\source\demos\demo3\debug\demo3.tlog\link-rc.write.1.tlog
d:\gameframework\popcap_framework_v1.3\osframework\source\demos\demo3\debug\demo3.tlog\link.command.1.tlog
d:\gameframework\popcap_framework_v1.3\osframework\source\demos\demo3\debug\demo3.tlog\link.read.1.tlog
d:\gameframework\popcap_framework_v1.3\osframework\source\demos\demo3\debug\demo3.tlog\link.write.1.tlog
